{"/Users/mac/Documents/Kaya/kayapay/app.js":{"path":"/Users/mac/Documents/Kaya/kayapay/app.js","statementMap":{"0":{"start":{"line":1,"column":16},"end":{"line":1,"column":34}},"1":{"start":{"line":2,"column":19},"end":{"line":2,"column":41}},"2":{"start":{"line":3,"column":0},"end":{"line":3,"column":26}},"3":{"start":{"line":4,"column":13},"end":{"line":4,"column":28}},"4":{"start":{"line":5,"column":15},"end":{"line":5,"column":32}},"5":{"start":{"line":6,"column":15},"end":{"line":6,"column":32}},"6":{"start":{"line":7,"column":16},"end":{"line":7,"column":46}},"7":{"start":{"line":8,"column":15},"end":{"line":8,"column":45}},"8":{"start":{"line":9,"column":12},"end":{"line":9,"column":21}},"9":{"start":{"line":10,"column":13},"end":{"line":10,"column":28}},"10":{"start":{"line":12,"column":0},"end":{"line":12,"column":45}},"11":{"start":{"line":13,"column":0},"end":{"line":13,"column":29}},"12":{"start":{"line":14,"column":0},"end":{"line":14,"column":26}},"13":{"start":{"line":15,"column":0},"end":{"line":15,"column":50}},"14":{"start":{"line":16,"column":0},"end":{"line":16,"column":17}},"15":{"start":{"line":17,"column":0},"end":{"line":17,"column":15}},"16":{"start":{"line":18,"column":0},"end":{"line":18,"column":22}},"17":{"start":{"line":20,"column":0},"end":{"line":25,"column":2}},"18":{"start":{"line":21,"column":2},"end":{"line":21,"column":51}},"19":{"start":{"line":22,"column":2},"end":{"line":22,"column":80}},"20":{"start":{"line":23,"column":2},"end":{"line":23,"column":78}},"21":{"start":{"line":24,"column":2},"end":{"line":24,"column":8}},"22":{"start":{"line":27,"column":0},"end":{"line":27,"column":15}},"23":{"start":{"line":29,"column":0},"end":{"line":34,"column":2}},"24":{"start":{"line":30,"column":2},"end":{"line":33,"column":4}},"25":{"start":{"line":50,"column":0},"end":{"line":50,"column":30}},"26":{"start":{"line":52,"column":0},"end":{"line":52,"column":20}}},"fnMap":{"0":{"name":"(anonymous_0)","decl":{"start":{"line":20,"column":8},"end":{"line":20,"column":9}},"loc":{"start":{"line":20,"column":28},"end":{"line":25,"column":1}},"line":20},"1":{"name":"(anonymous_1)","decl":{"start":{"line":29,"column":13},"end":{"line":29,"column":14}},"loc":{"start":{"line":29,"column":29},"end":{"line":34,"column":1}},"line":29}},"branchMap":{},"s":{"0":1,"1":1,"2":1,"3":1,"4":1,"5":1,"6":1,"7":1,"8":1,"9":1,"10":1,"11":1,"12":1,"13":1,"14":1,"15":1,"16":1,"17":1,"18":4,"19":4,"20":4,"21":4,"22":1,"23":1,"24":0,"25":1,"26":1},"f":{"0":4,"1":0},"b":{},"_coverageSchema":"1a1c01bbd47fc00a2c39e90264f33305004495a9","hash":"a676cbfa51e1da25e37aa385a05aef8a807424b3","contentHash":"e47859f85a8eb30a529b47b7aefb9af8be809639c74b467fecb95d731025f216"},"/Users/mac/Documents/Kaya/kayapay/src/config/server.js":{"path":"/Users/mac/Documents/Kaya/kayapay/src/config/server.js","statementMap":{"0":{"start":{"line":1,"column":17},"end":{"line":1,"column":30}},"1":{"start":{"line":2,"column":0},"end":{"line":2,"column":26}},"2":{"start":{"line":4,"column":13},"end":{"line":4,"column":72}},"3":{"start":{"line":6,"column":15},"end":{"line":12,"column":1}},"4":{"start":{"line":14,"column":13},"end":{"line":14,"column":29}},"5":{"start":{"line":16,"column":0},"end":{"line":30,"column":1}},"6":{"start":{"line":18,"column":4},"end":{"line":26,"column":5}},"7":{"start":{"line":19,"column":6},"end":{"line":22,"column":8}},"8":{"start":{"line":20,"column":8},"end":{"line":20,"column":28}},"9":{"start":{"line":21,"column":8},"end":{"line":21,"column":54}},"10":{"start":{"line":25,"column":6},"end":{"line":25,"column":63}}},"fnMap":{"0":{"name":"(anonymous_0)","decl":{"start":{"line":17,"column":21},"end":{"line":17,"column":22}},"loc":{"start":{"line":17,"column":38},"end":{"line":27,"column":3}},"line":17},"1":{"name":"(anonymous_1)","decl":{"start":{"line":19,"column":31},"end":{"line":19,"column":32}},"loc":{"start":{"line":19,"column":43},"end":{"line":22,"column":7}},"line":19}},"branchMap":{"0":{"loc":{"start":{"line":4,"column":13},"end":{"line":4,"column":72}},"type":"cond-expr","locations":[{"start":{"line":4,"column":49},"end":{"line":4,"column":53}},{"start":{"line":4,"column":56},"end":{"line":4,"column":72}}],"line":4}},"s":{"0":1,"1":1,"2":1,"3":1,"4":1,"5":1,"6":1,"7":1,"8":1,"9":0,"10":0},"f":{"0":1,"1":1},"b":{"0":[1,0]},"_coverageSchema":"1a1c01bbd47fc00a2c39e90264f33305004495a9","hash":"68d947cb6bea4fceb6ec6c22faadcdfeab35d003","contentHash":"c6a43bfa3a82f1702908f79407316f357e25ee5edbc81b9552e3a31391f36a6c"},"/Users/mac/Documents/Kaya/kayapay/src/router/routes.js":{"path":"/Users/mac/Documents/Kaya/kayapay/src/router/routes.js","statementMap":{"0":{"start":{"line":1,"column":16},"end":{"line":1,"column":34}},"1":{"start":{"line":2,"column":15},"end":{"line":2,"column":31}},"2":{"start":{"line":4,"column":0},"end":{"line":18,"column":2}},"3":{"start":{"line":21,"column":0},"end":{"line":21,"column":23}}},"fnMap":{},"branchMap":{},"s":{"0":1,"1":1,"2":1,"3":1},"f":{},"b":{},"_coverageSchema":"1a1c01bbd47fc00a2c39e90264f33305004495a9","hash":"6f6ba1f946f90f7bda757f9964530ff452999148","contentHash":"45181c34d6a44100e7bac163404be2b2dab9335c8ce990bd5fd5717c3de6989f"},"/Users/mac/Documents/Kaya/kayapay/src/router/endpoints/auth.js":{"path":"/Users/mac/Documents/Kaya/kayapay/src/router/endpoints/auth.js","statementMap":{"0":{"start":{"line":1,"column":16},"end":{"line":1,"column":34}},"1":{"start":{"line":2,"column":23},"end":{"line":2,"column":66}},"2":{"start":{"line":3,"column":17},"end":{"line":3,"column":61}},"3":{"start":{"line":4,"column":18},"end":{"line":4,"column":34}},"4":{"start":{"line":5,"column":25},"end":{"line":5,"column":64}},"5":{"start":{"line":7,"column":0},"end":{"line":7,"column":70}},"6":{"start":{"line":8,"column":0},"end":{"line":8,"column":63}},"7":{"start":{"line":9,"column":0},"end":{"line":9,"column":72}},"8":{"start":{"line":10,"column":0},"end":{"line":10,"column":67}},"9":{"start":{"line":11,"column":0},"end":{"line":15,"column":2}},"10":{"start":{"line":17,"column":0},"end":{"line":17,"column":27}}},"fnMap":{},"branchMap":{},"s":{"0":1,"1":1,"2":1,"3":1,"4":1,"5":1,"6":1,"7":1,"8":1,"9":1,"10":1},"f":{},"b":{},"_coverageSchema":"1a1c01bbd47fc00a2c39e90264f33305004495a9","hash":"d8fe594b49cc4a048b8871e75ee051080828e747","contentHash":"ff6e6761260f1c98f2809cd9f326c92176c0f377693f2f6a39433f96f0bdd320"},"/Users/mac/Documents/Kaya/kayapay/src/controllers/authcontroller.js":{"path":"/Users/mac/Documents/Kaya/kayapay/src/controllers/authcontroller.js","statementMap":{"0":{"start":{"line":1,"column":15},"end":{"line":1,"column":32}},"1":{"start":{"line":2,"column":12},"end":{"line":2,"column":35}},"2":{"start":{"line":3,"column":17},"end":{"line":3,"column":44}},"3":{"start":{"line":4,"column":0},"end":{"line":4,"column":27}},"4":{"start":{"line":5,"column":29},"end":{"line":5,"column":57}},"5":{"start":{"line":6,"column":17},"end":{"line":6,"column":48}},"6":{"start":{"line":7,"column":11},"end":{"line":7,"column":24}},"7":{"start":{"line":8,"column":15},"end":{"line":8,"column":44}},"8":{"start":{"line":9,"column":27},"end":{"line":9,"column":63}},"9":{"start":{"line":10,"column":31},"end":{"line":10,"column":59}},"10":{"start":{"line":14,"column":19},"end":{"line":14,"column":40}},"11":{"start":{"line":15,"column":4},"end":{"line":17,"column":5}},"12":{"start":{"line":16,"column":6},"end":{"line":16,"column":75}},"13":{"start":{"line":25,"column":8},"end":{"line":25,"column":16}},"14":{"start":{"line":26,"column":4},"end":{"line":60,"column":5}},"15":{"start":{"line":27,"column":29},"end":{"line":27,"column":60}},"16":{"start":{"line":28,"column":25},"end":{"line":37,"column":7}},"17":{"start":{"line":38,"column":26},"end":{"line":38,"column":243}},"18":{"start":{"line":39,"column":25},"end":{"line":46,"column":8}},"19":{"start":{"line":47,"column":21},"end":{"line":47,"column":42}},"20":{"start":{"line":48,"column":20},"end":{"line":48,"column":53}},"21":{"start":{"line":50,"column":6},"end":{"line":50,"column":91}},"22":{"start":{"line":52,"column":6},"end":{"line":57,"column":9}},"23":{"start":{"line":59,"column":6},"end":{"line":59,"column":68}},"24":{"start":{"line":64,"column":19},"end":{"line":64,"column":40}},"25":{"start":{"line":65,"column":4},"end":{"line":69,"column":5}},"26":{"start":{"line":66,"column":6},"end":{"line":68,"column":7}},"27":{"start":{"line":70,"column":32},"end":{"line":70,"column":40}},"28":{"start":{"line":71,"column":4},"end":{"line":96,"column":5}},"29":{"start":{"line":72,"column":23},"end":{"line":72,"column":88}},"30":{"start":{"line":73,"column":25},"end":{"line":73,"column":82}},"31":{"start":{"line":74,"column":6},"end":{"line":76,"column":7}},"32":{"start":{"line":75,"column":8},"end":{"line":75,"column":70}},"33":{"start":{"line":77,"column":23},"end":{"line":77,"column":39}},"34":{"start":{"line":78,"column":52},"end":{"line":78,"column":60}},"35":{"start":{"line":79,"column":20},"end":{"line":79,"column":74}},"36":{"start":{"line":80,"column":6},"end":{"line":90,"column":7}},"37":{"start":{"line":93,"column":6},"end":{"line":95,"column":7}},"38":{"start":{"line":100,"column":4},"end":{"line":111,"column":5}},"39":{"start":{"line":101,"column":37},"end":{"line":101,"column":124}},"40":{"start":{"line":102,"column":40},"end":{"line":102,"column":120}},"41":{"start":{"line":103,"column":6},"end":{"line":105,"column":7}},"42":{"start":{"line":108,"column":6},"end":{"line":110,"column":7}},"43":{"start":{"line":112,"column":4},"end":{"line":112,"column":27}},"44":{"start":{"line":120,"column":0},"end":{"line":120,"column":32}}},"fnMap":{"0":{"name":"(anonymous_0)","decl":{"start":{"line":13,"column":2},"end":{"line":13,"column":3}},"loc":{"start":{"line":13,"column":40},"end":{"line":61,"column":3}},"line":13},"1":{"name":"(anonymous_1)","decl":{"start":{"line":63,"column":2},"end":{"line":63,"column":3}},"loc":{"start":{"line":63,"column":37},"end":{"line":97,"column":3}},"line":63},"2":{"name":"(anonymous_2)","decl":{"start":{"line":99,"column":2},"end":{"line":99,"column":3}},"loc":{"start":{"line":99,"column":43},"end":{"line":113,"column":3}},"line":99},"3":{"name":"(anonymous_3)","decl":{"start":{"line":115,"column":2},"end":{"line":115,"column":3}},"loc":{"start":{"line":115,"column":45},"end":{"line":115,"column":48}},"line":115},"4":{"name":"(anonymous_4)","decl":{"start":{"line":117,"column":2},"end":{"line":117,"column":3}},"loc":{"start":{"line":117,"column":46},"end":{"line":117,"column":49}},"line":117}},"branchMap":{"0":{"loc":{"start":{"line":15,"column":4},"end":{"line":17,"column":5}},"type":"if","locations":[{"start":{"line":15,"column":4},"end":{"line":17,"column":5}},{"start":{"line":15,"column":4},"end":{"line":17,"column":5}}],"line":15},"1":{"loc":{"start":{"line":65,"column":4},"end":{"line":69,"column":5}},"type":"if","locations":[{"start":{"line":65,"column":4},"end":{"line":69,"column":5}},{"start":{"line":65,"column":4},"end":{"line":69,"column":5}}],"line":65},"2":{"loc":{"start":{"line":74,"column":6},"end":{"line":76,"column":7}},"type":"if","locations":[{"start":{"line":74,"column":6},"end":{"line":76,"column":7}},{"start":{"line":74,"column":6},"end":{"line":76,"column":7}}],"line":74}},"s":{"0":1,"1":1,"2":1,"3":1,"4":1,"5":1,"6":1,"7":1,"8":1,"9":1,"10":0,"11":0,"12":0,"13":0,"14":0,"15":0,"16":0,"17":0,"18":0,"19":0,"20":0,"21":0,"22":0,"23":0,"24":0,"25":0,"26":0,"27":0,"28":0,"29":0,"30":0,"31":0,"32":0,"33":0,"34":0,"35":0,"36":0,"37":0,"38":0,"39":0,"40":0,"41":0,"42":0,"43":0,"44":1},"f":{"0":0,"1":0,"2":0,"3":0,"4":0},"b":{"0":[0,0],"1":[0,0],"2":[0,0]},"_coverageSchema":"1a1c01bbd47fc00a2c39e90264f33305004495a9","hash":"28c095a1986fc89dd1e9b8888ba2f985925492cb","contentHash":"f402bee69b9163cd9cf160f443f5f318313846f41e05651d9e05af1ed8d813bf"},"/Users/mac/Documents/Kaya/kayapay/src/handlers/response.js":{"path":"/Users/mac/Documents/Kaya/kayapay/src/handlers/response.js","statementMap":{"0":{"start":{"line":1,"column":0},"end":{"line":32,"column":1}},"1":{"start":{"line":10,"column":4},"end":{"line":15,"column":6}},"2":{"start":{"line":25,"column":4},"end":{"line":30,"column":6}}},"fnMap":{"0":{"name":"(anonymous_0)","decl":{"start":{"line":9,"column":11},"end":{"line":9,"column":12}},"loc":{"start":{"line":9,"column":53},"end":{"line":16,"column":3}},"line":9},"1":{"name":"(anonymous_1)","decl":{"start":{"line":24,"column":9},"end":{"line":24,"column":10}},"loc":{"start":{"line":24,"column":56},"end":{"line":31,"column":3}},"line":24}},"branchMap":{},"s":{"0":1,"1":4,"2":0},"f":{"0":4,"1":0},"b":{},"_coverageSchema":"1a1c01bbd47fc00a2c39e90264f33305004495a9","hash":"468d5681d6d482e35a40bd22e2b5a395c9954e61","contentHash":"1f24939e8ca6f849da569a2c08a14d273bcb50e58df823e89ddafe79c5445dcb"},"/Users/mac/Documents/Kaya/kayapay/src/handlers/mailer.js":{"path":"/Users/mac/Documents/Kaya/kayapay/src/handlers/mailer.js","statementMap":{"0":{"start":{"line":1,"column":19},"end":{"line":1,"column":40}},"1":{"start":{"line":2,"column":0},"end":{"line":2,"column":26}},"2":{"start":{"line":4,"column":22},"end":{"line":13,"column":2}},"3":{"start":{"line":15,"column":0},"end":{"line":30,"column":1}},"4":{"start":{"line":17,"column":4},"end":{"line":28,"column":5}},"5":{"start":{"line":18,"column":6},"end":{"line":23,"column":8}},"6":{"start":{"line":24,"column":6},"end":{"line":24,"column":43}},"7":{"start":{"line":27,"column":6},"end":{"line":27,"column":22}}},"fnMap":{"0":{"name":"(anonymous_0)","decl":{"start":{"line":16,"column":16},"end":{"line":16,"column":17}},"loc":{"start":{"line":16,"column":54},"end":{"line":29,"column":3}},"line":16}},"branchMap":{},"s":{"0":1,"1":1,"2":1,"3":1,"4":0,"5":0,"6":0,"7":0},"f":{"0":0},"b":{},"_coverageSchema":"1a1c01bbd47fc00a2c39e90264f33305004495a9","hash":"7e9ebdba2e3bd2c443e96350fefc63d6e0bc6e40","contentHash":"2734c6374ce4316bfaaf6c7bf49327885554d148ff96063f6fc38b93d718f302"},"/Users/mac/Documents/Kaya/kayapay/src/middlewares/middleware.js":{"path":"/Users/mac/Documents/Kaya/kayapay/src/middlewares/middleware.js","statementMap":{"0":{"start":{"line":1,"column":12},"end":{"line":1,"column":35}},"1":{"start":{"line":2,"column":17},"end":{"line":2,"column":48}},"2":{"start":{"line":3,"column":0},"end":{"line":3,"column":24}},"3":{"start":{"line":5,"column":23},"end":{"line":7,"column":1}},"4":{"start":{"line":6,"column":2},"end":{"line":6,"column":75}},"5":{"start":{"line":9,"column":21},"end":{"line":34,"column":1}},"6":{"start":{"line":10,"column":2},"end":{"line":14,"column":3}},"7":{"start":{"line":11,"column":4},"end":{"line":13,"column":5}},"8":{"start":{"line":15,"column":16},"end":{"line":15,"column":55}},"9":{"start":{"line":16,"column":2},"end":{"line":23,"column":3}},"10":{"start":{"line":17,"column":4},"end":{"line":22,"column":5}},"11":{"start":{"line":24,"column":2},"end":{"line":33,"column":3}},"12":{"start":{"line":25,"column":26},"end":{"line":25,"column":67}},"13":{"start":{"line":26,"column":4},"end":{"line":26,"column":37}},"14":{"start":{"line":27,"column":4},"end":{"line":27,"column":10}},"15":{"start":{"line":30,"column":4},"end":{"line":32,"column":5}},"16":{"start":{"line":36,"column":0},"end":{"line":39,"column":1}}},"fnMap":{"0":{"name":"(anonymous_0)","decl":{"start":{"line":5,"column":23},"end":{"line":5,"column":24}},"loc":{"start":{"line":5,"column":46},"end":{"line":7,"column":1}},"line":5},"1":{"name":"(anonymous_1)","decl":{"start":{"line":9,"column":21},"end":{"line":9,"column":22}},"loc":{"start":{"line":9,"column":41},"end":{"line":34,"column":1}},"line":9}},"branchMap":{"0":{"loc":{"start":{"line":10,"column":2},"end":{"line":14,"column":3}},"type":"if","locations":[{"start":{"line":10,"column":2},"end":{"line":14,"column":3}},{"start":{"line":10,"column":2},"end":{"line":14,"column":3}}],"line":10},"1":{"loc":{"start":{"line":16,"column":2},"end":{"line":23,"column":3}},"type":"if","locations":[{"start":{"line":16,"column":2},"end":{"line":23,"column":3}},{"start":{"line":16,"column":2},"end":{"line":23,"column":3}}],"line":16}},"s":{"0":1,"1":1,"2":1,"3":1,"4":0,"5":1,"6":4,"7":0,"8":4,"9":4,"10":0,"11":4,"12":4,"13":4,"14":4,"15":0,"16":1},"f":{"0":0,"1":4},"b":{"0":[0,4],"1":[0,4]},"_coverageSchema":"1a1c01bbd47fc00a2c39e90264f33305004495a9","hash":"42fcb0443431bed0ee1fa5fd328e4527105524f6","contentHash":"01be090061f60b28db25c4852b386172e8f1678e3fda95f9ed21224c50ae9279"},"/Users/mac/Documents/Kaya/kayapay/src/handlers/mails.js":{"path":"/Users/mac/Documents/Kaya/kayapay/src/handlers/mails.js","statementMap":{"0":{"start":{"line":1,"column":27},"end":{"line":1,"column":63}},"1":{"start":{"line":2,"column":0},"end":{"line":2,"column":27}},"2":{"start":{"line":4,"column":0},"end":{"line":98,"column":2}},"3":{"start":{"line":6,"column":24},"end":{"line":6,"column":48}},"4":{"start":{"line":7,"column":27},"end":{"line":12,"column":5}},"5":{"start":{"line":13,"column":29},"end":{"line":13,"column":86}},"6":{"start":{"line":14,"column":4},"end":{"line":35,"column":6}},"7":{"start":{"line":39,"column":4},"end":{"line":59,"column":6}},"8":{"start":{"line":50,"column":6},"end":{"line":54,"column":19}},"9":{"start":{"line":63,"column":4},"end":{"line":82,"column":6}},"10":{"start":{"line":72,"column":6},"end":{"line":76,"column":19}},"11":{"start":{"line":86,"column":4},"end":{"line":96,"column":5}}},"fnMap":{"0":{"name":"(anonymous_0)","decl":{"start":{"line":5,"column":22},"end":{"line":5,"column":23}},"loc":{"start":{"line":5,"column":34},"end":{"line":36,"column":3}},"line":5},"1":{"name":"(anonymous_1)","decl":{"start":{"line":38,"column":30},"end":{"line":38,"column":31}},"loc":{"start":{"line":38,"column":50},"end":{"line":60,"column":3}},"line":38},"2":{"name":"(anonymous_2)","decl":{"start":{"line":49,"column":26},"end":{"line":49,"column":27}},"loc":{"start":{"line":49,"column":36},"end":{"line":55,"column":5}},"line":49},"3":{"name":"(anonymous_3)","decl":{"start":{"line":62,"column":32},"end":{"line":62,"column":33}},"loc":{"start":{"line":62,"column":91},"end":{"line":83,"column":3}},"line":62},"4":{"name":"(anonymous_4)","decl":{"start":{"line":71,"column":26},"end":{"line":71,"column":27}},"loc":{"start":{"line":71,"column":36},"end":{"line":77,"column":5}},"line":71},"5":{"name":"(anonymous_5)","decl":{"start":{"line":85,"column":35},"end":{"line":85,"column":36}},"loc":{"start":{"line":85,"column":56},"end":{"line":97,"column":3}},"line":85}},"branchMap":{},"s":{"0":1,"1":1,"2":1,"3":0,"4":0,"5":0,"6":0,"7":0,"8":0,"9":0,"10":0,"11":0},"f":{"0":0,"1":0,"2":0,"3":0,"4":0,"5":0},"b":{},"_coverageSchema":"1a1c01bbd47fc00a2c39e90264f33305004495a9","hash":"5d5aa1b0aecbc0091339d4091c8095cc54bea2cd","contentHash":"d6f26406e7e467e76fe51726d0036ceec453f680a6abe87226e2e51309124cc1"},"/Users/mac/Documents/Kaya/kayapay/src/middlewares/validators/user.js":{"path":"/Users/mac/Documents/Kaya/kayapay/src/middlewares/validators/user.js","statementMap":{"0":{"start":{"line":1,"column":17},"end":{"line":1,"column":45}},"1":{"start":{"line":2,"column":17},"end":{"line":2,"column":47}},"2":{"start":{"line":4,"column":0},"end":{"line":42,"column":1}},"3":{"start":{"line":18,"column":34},"end":{"line":18,"column":76}},"4":{"start":{"line":19,"column":21},"end":{"line":19,"column":67}},"5":{"start":{"line":20,"column":6},"end":{"line":22,"column":7}},"6":{"start":{"line":21,"column":8},"end":{"line":21,"column":39}},"7":{"start":{"line":33,"column":6},"end":{"line":35,"column":7}},"8":{"start":{"line":34,"column":8},"end":{"line":34,"column":44}},"9":{"start":{"line":36,"column":6},"end":{"line":36,"column":17}},"10":{"start":{"line":44,"column":0},"end":{"line":62,"column":1}},"11":{"start":{"line":50,"column":34},"end":{"line":50,"column":76}},"12":{"start":{"line":51,"column":21},"end":{"line":51,"column":67}},"13":{"start":{"line":52,"column":6},"end":{"line":54,"column":7}},"14":{"start":{"line":53,"column":8},"end":{"line":53,"column":48}}},"fnMap":{"0":{"name":"(anonymous_0)","decl":{"start":{"line":17,"column":12},"end":{"line":17,"column":13}},"loc":{"start":{"line":17,"column":36},"end":{"line":23,"column":5}},"line":17},"1":{"name":"(anonymous_1)","decl":{"start":{"line":32,"column":12},"end":{"line":32,"column":13}},"loc":{"start":{"line":32,"column":32},"end":{"line":37,"column":5}},"line":32},"2":{"name":"(anonymous_2)","decl":{"start":{"line":49,"column":12},"end":{"line":49,"column":13}},"loc":{"start":{"line":49,"column":36},"end":{"line":55,"column":5}},"line":49}},"branchMap":{"0":{"loc":{"start":{"line":20,"column":6},"end":{"line":22,"column":7}},"type":"if","locations":[{"start":{"line":20,"column":6},"end":{"line":22,"column":7}},{"start":{"line":20,"column":6},"end":{"line":22,"column":7}}],"line":20},"1":{"loc":{"start":{"line":33,"column":6},"end":{"line":35,"column":7}},"type":"if","locations":[{"start":{"line":33,"column":6},"end":{"line":35,"column":7}},{"start":{"line":33,"column":6},"end":{"line":35,"column":7}}],"line":33},"2":{"loc":{"start":{"line":52,"column":6},"end":{"line":54,"column":7}},"type":"if","locations":[{"start":{"line":52,"column":6},"end":{"line":54,"column":7}},{"start":{"line":52,"column":6},"end":{"line":54,"column":7}}],"line":52}},"s":{"0":1,"1":1,"2":1,"3":0,"4":0,"5":0,"6":0,"7":0,"8":0,"9":0,"10":1,"11":0,"12":0,"13":0,"14":0},"f":{"0":0,"1":0,"2":0},"b":{"0":[0,0],"1":[0,0],"2":[0,0]},"_coverageSchema":"1a1c01bbd47fc00a2c39e90264f33305004495a9","hash":"63968c8b22ff40217c0962d71025cf734c297474","contentHash":"1f77b01725e30b0ce3c320361d490c9b1033ec6b4ccc1b9d59d50e387bb3031c"},"/Users/mac/Documents/Kaya/kayapay/src/router/endpoints/client.js":{"path":"/Users/mac/Documents/Kaya/kayapay/src/router/endpoints/client.js","statementMap":{"0":{"start":{"line":1,"column":16},"end":{"line":1,"column":34}},"1":{"start":{"line":2,"column":20},"end":{"line":2,"column":36}},"2":{"start":{"line":3,"column":25},"end":{"line":3,"column":70}},"3":{"start":{"line":4,"column":17},"end":{"line":4,"column":63}},"4":{"start":{"line":5,"column":19},"end":{"line":5,"column":58}},"5":{"start":{"line":7,"column":0},"end":{"line":11,"column":1}},"6":{"start":{"line":13,"column":0},"end":{"line":17,"column":1}},"7":{"start":{"line":19,"column":0},"end":{"line":23,"column":1}},"8":{"start":{"line":25,"column":0},"end":{"line":30,"column":1}},"9":{"start":{"line":32,"column":0},"end":{"line":37,"column":1}},"10":{"start":{"line":39,"column":0},"end":{"line":44,"column":1}},"11":{"start":{"line":46,"column":0},"end":{"line":51,"column":1}},"12":{"start":{"line":53,"column":0},"end":{"line":58,"column":1}},"13":{"start":{"line":60,"column":0},"end":{"line":63,"column":1}},"14":{"start":{"line":65,"column":0},"end":{"line":70,"column":1}},"15":{"start":{"line":72,"column":0},"end":{"line":72,"column":28}}},"fnMap":{},"branchMap":{},"s":{"0":1,"1":1,"2":1,"3":1,"4":1,"5":1,"6":1,"7":1,"8":1,"9":1,"10":1,"11":1,"12":1,"13":1,"14":1,"15":1},"f":{},"b":{},"_coverageSchema":"1a1c01bbd47fc00a2c39e90264f33305004495a9","hash":"b4a9a2bc5f2c529433cc3fc2dd9ebd75fab535a9","contentHash":"21bfcaab6ad293945e43b468848e2df2f772dd440f0798a785746ce74c5941d9"},"/Users/mac/Documents/Kaya/kayapay/src/controllers/clientcontroller.js":{"path":"/Users/mac/Documents/Kaya/kayapay/src/controllers/clientcontroller.js","statementMap":{"0":{"start":{"line":1,"column":17},"end":{"line":1,"column":44}},"1":{"start":{"line":2,"column":0},"end":{"line":2,"column":27}},"2":{"start":{"line":3,"column":29},"end":{"line":3,"column":57}},"3":{"start":{"line":4,"column":17},"end":{"line":4,"column":48}},"4":{"start":{"line":8,"column":4},"end":{"line":20,"column":5}},"5":{"start":{"line":9,"column":28},"end":{"line":11,"column":8}},"6":{"start":{"line":12,"column":6},"end":{"line":14,"column":7}},"7":{"start":{"line":17,"column":6},"end":{"line":19,"column":7}},"8":{"start":{"line":25,"column":4},"end":{"line":39,"column":5}},"9":{"start":{"line":27,"column":8},"end":{"line":27,"column":171}},"10":{"start":{"line":28,"column":35},"end":{"line":30,"column":8}},"11":{"start":{"line":31,"column":6},"end":{"line":36,"column":8}},"12":{"start":{"line":38,"column":6},"end":{"line":38,"column":69}},"13":{"start":{"line":43,"column":4},"end":{"line":50,"column":5}},"14":{"start":{"line":44,"column":27},"end":{"line":46,"column":7}},"15":{"start":{"line":47,"column":6},"end":{"line":47,"column":67}},"16":{"start":{"line":49,"column":6},"end":{"line":49,"column":69}},"17":{"start":{"line":54,"column":4},"end":{"line":70,"column":5}},"18":{"start":{"line":55,"column":23},"end":{"line":55,"column":42}},"19":{"start":{"line":56,"column":26},"end":{"line":59,"column":7}},"20":{"start":{"line":60,"column":6},"end":{"line":62,"column":7}},"21":{"start":{"line":61,"column":8},"end":{"line":61,"column":66}},"22":{"start":{"line":63,"column":25},"end":{"line":66,"column":7}},"23":{"start":{"line":67,"column":6},"end":{"line":67,"column":78}},"24":{"start":{"line":69,"column":6},"end":{"line":69,"column":69}},"25":{"start":{"line":74,"column":19},"end":{"line":74,"column":40}},"26":{"start":{"line":75,"column":4},"end":{"line":77,"column":5}},"27":{"start":{"line":76,"column":6},"end":{"line":76,"column":76}},"28":{"start":{"line":78,"column":4},"end":{"line":94,"column":5}},"29":{"start":{"line":80,"column":8},"end":{"line":80,"column":16}},"30":{"start":{"line":83,"column":8},"end":{"line":83,"column":146}},"31":{"start":{"line":84,"column":28},"end":{"line":90,"column":8}},"32":{"start":{"line":91,"column":6},"end":{"line":91,"column":72}},"33":{"start":{"line":93,"column":6},"end":{"line":93,"column":69}},"34":{"start":{"line":98,"column":19},"end":{"line":98,"column":40}},"35":{"start":{"line":99,"column":21},"end":{"line":99,"column":40}},"36":{"start":{"line":100,"column":4},"end":{"line":102,"column":5}},"37":{"start":{"line":101,"column":6},"end":{"line":101,"column":76}},"38":{"start":{"line":103,"column":4},"end":{"line":127,"column":5}},"39":{"start":{"line":104,"column":34},"end":{"line":107,"column":7}},"40":{"start":{"line":108,"column":6},"end":{"line":110,"column":7}},"41":{"start":{"line":109,"column":8},"end":{"line":109,"column":66}},"42":{"start":{"line":112,"column":8},"end":{"line":112,"column":16}},"43":{"start":{"line":115,"column":8},"end":{"line":115,"column":154}},"44":{"start":{"line":116,"column":35},"end":{"line":123,"column":8}},"45":{"start":{"line":124,"column":6},"end":{"line":124,"column":79}},"46":{"start":{"line":126,"column":6},"end":{"line":126,"column":69}},"47":{"start":{"line":131,"column":21},"end":{"line":131,"column":40}},"48":{"start":{"line":132,"column":4},"end":{"line":144,"column":5}},"49":{"start":{"line":134,"column":8},"end":{"line":134,"column":99}},"50":{"start":{"line":135,"column":31},"end":{"line":135,"column":70}},"51":{"start":{"line":136,"column":6},"end":{"line":141,"column":8}},"52":{"start":{"line":143,"column":6},"end":{"line":143,"column":69}},"53":{"start":{"line":148,"column":21},"end":{"line":148,"column":40}},"54":{"start":{"line":149,"column":19},"end":{"line":149,"column":40}},"55":{"start":{"line":150,"column":4},"end":{"line":152,"column":5}},"56":{"start":{"line":151,"column":6},"end":{"line":151,"column":75}},"57":{"start":{"line":153,"column":4},"end":{"line":169,"column":5}},"58":{"start":{"line":154,"column":22},"end":{"line":154,"column":30}},"59":{"start":{"line":156,"column":8},"end":{"line":156,"column":92}},"60":{"start":{"line":157,"column":31},"end":{"line":160,"column":8}},"61":{"start":{"line":161,"column":6},"end":{"line":166,"column":8}},"62":{"start":{"line":168,"column":6},"end":{"line":168,"column":69}},"63":{"start":{"line":173,"column":21},"end":{"line":173,"column":40}},"64":{"start":{"line":174,"column":19},"end":{"line":174,"column":40}},"65":{"start":{"line":175,"column":4},"end":{"line":179,"column":5}},"66":{"start":{"line":176,"column":6},"end":{"line":178,"column":7}},"67":{"start":{"line":180,"column":4},"end":{"line":201,"column":5}},"68":{"start":{"line":181,"column":35},"end":{"line":181,"column":43}},"69":{"start":{"line":182,"column":29},"end":{"line":183,"column":82}},"70":{"start":{"line":184,"column":6},"end":{"line":188,"column":7}},"71":{"start":{"line":185,"column":8},"end":{"line":187,"column":9}},"72":{"start":{"line":189,"column":33},"end":{"line":189,"column":103}},"73":{"start":{"line":190,"column":28},"end":{"line":192,"column":8}},"74":{"start":{"line":193,"column":6},"end":{"line":195,"column":7}},"75":{"start":{"line":198,"column":6},"end":{"line":200,"column":7}},"76":{"start":{"line":209,"column":0},"end":{"line":209,"column":34}}},"fnMap":{"0":{"name":"(anonymous_0)","decl":{"start":{"line":7,"column":2},"end":{"line":7,"column":3}},"loc":{"start":{"line":7,"column":45},"end":{"line":21,"column":3}},"line":7},"1":{"name":"(anonymous_1)","decl":{"start":{"line":24,"column":2},"end":{"line":24,"column":3}},"loc":{"start":{"line":24,"column":47},"end":{"line":40,"column":3}},"line":24},"2":{"name":"(anonymous_2)","decl":{"start":{"line":42,"column":2},"end":{"line":42,"column":3}},"loc":{"start":{"line":42,"column":42},"end":{"line":51,"column":3}},"line":42},"3":{"name":"(anonymous_3)","decl":{"start":{"line":53,"column":2},"end":{"line":53,"column":3}},"loc":{"start":{"line":53,"column":38},"end":{"line":71,"column":3}},"line":53},"4":{"name":"(anonymous_4)","decl":{"start":{"line":73,"column":2},"end":{"line":73,"column":3}},"loc":{"start":{"line":73,"column":44},"end":{"line":95,"column":3}},"line":73},"5":{"name":"(anonymous_5)","decl":{"start":{"line":97,"column":2},"end":{"line":97,"column":3}},"loc":{"start":{"line":97,"column":44},"end":{"line":128,"column":3}},"line":97},"6":{"name":"(anonymous_6)","decl":{"start":{"line":130,"column":2},"end":{"line":130,"column":3}},"loc":{"start":{"line":130,"column":45},"end":{"line":145,"column":3}},"line":130},"7":{"name":"(anonymous_7)","decl":{"start":{"line":147,"column":2},"end":{"line":147,"column":3}},"loc":{"start":{"line":147,"column":47},"end":{"line":170,"column":3}},"line":147},"8":{"name":"(anonymous_8)","decl":{"start":{"line":172,"column":2},"end":{"line":172,"column":3}},"loc":{"start":{"line":172,"column":42},"end":{"line":202,"column":3}},"line":172},"9":{"name":"(anonymous_9)","decl":{"start":{"line":204,"column":2},"end":{"line":204,"column":3}},"loc":{"start":{"line":204,"column":47},"end":{"line":204,"column":50}},"line":204},"10":{"name":"(anonymous_10)","decl":{"start":{"line":206,"column":2},"end":{"line":206,"column":3}},"loc":{"start":{"line":206,"column":34},"end":{"line":206,"column":37}},"line":206}},"branchMap":{"0":{"loc":{"start":{"line":60,"column":6},"end":{"line":62,"column":7}},"type":"if","locations":[{"start":{"line":60,"column":6},"end":{"line":62,"column":7}},{"start":{"line":60,"column":6},"end":{"line":62,"column":7}}],"line":60},"1":{"loc":{"start":{"line":75,"column":4},"end":{"line":77,"column":5}},"type":"if","locations":[{"start":{"line":75,"column":4},"end":{"line":77,"column":5}},{"start":{"line":75,"column":4},"end":{"line":77,"column":5}}],"line":75},"2":{"loc":{"start":{"line":100,"column":4},"end":{"line":102,"column":5}},"type":"if","locations":[{"start":{"line":100,"column":4},"end":{"line":102,"column":5}},{"start":{"line":100,"column":4},"end":{"line":102,"column":5}}],"line":100},"3":{"loc":{"start":{"line":108,"column":6},"end":{"line":110,"column":7}},"type":"if","locations":[{"start":{"line":108,"column":6},"end":{"line":110,"column":7}},{"start":{"line":108,"column":6},"end":{"line":110,"column":7}}],"line":108},"4":{"loc":{"start":{"line":150,"column":4},"end":{"line":152,"column":5}},"type":"if","locations":[{"start":{"line":150,"column":4},"end":{"line":152,"column":5}},{"start":{"line":150,"column":4},"end":{"line":152,"column":5}}],"line":150},"5":{"loc":{"start":{"line":175,"column":4},"end":{"line":179,"column":5}},"type":"if","locations":[{"start":{"line":175,"column":4},"end":{"line":179,"column":5}},{"start":{"line":175,"column":4},"end":{"line":179,"column":5}}],"line":175},"6":{"loc":{"start":{"line":184,"column":6},"end":{"line":188,"column":7}},"type":"if","locations":[{"start":{"line":184,"column":6},"end":{"line":188,"column":7}},{"start":{"line":184,"column":6},"end":{"line":188,"column":7}}],"line":184}},"s":{"0":1,"1":1,"2":1,"3":1,"4":0,"5":0,"6":0,"7":0,"8":0,"9":0,"10":0,"11":0,"12":0,"13":0,"14":0,"15":0,"16":0,"17":0,"18":0,"19":0,"20":0,"21":0,"22":0,"23":0,"24":0,"25":0,"26":0,"27":0,"28":0,"29":0,"30":0,"31":0,"32":0,"33":0,"34":0,"35":0,"36":0,"37":0,"38":0,"39":0,"40":0,"41":0,"42":0,"43":0,"44":0,"45":0,"46":0,"47":0,"48":0,"49":0,"50":0,"51":0,"52":0,"53":0,"54":0,"55":0,"56":0,"57":0,"58":0,"59":0,"60":0,"61":0,"62":0,"63":0,"64":0,"65":0,"66":0,"67":0,"68":0,"69":0,"70":0,"71":0,"72":0,"73":0,"74":0,"75":0,"76":1},"f":{"0":0,"1":0,"2":0,"3":0,"4":0,"5":0,"6":0,"7":0,"8":0,"9":0,"10":0},"b":{"0":[0,0],"1":[0,0],"2":[0,0],"3":[0,0],"4":[0,0],"5":[0,0],"6":[0,0]},"_coverageSchema":"1a1c01bbd47fc00a2c39e90264f33305004495a9","hash":"b461b4a17478b6c5c45e809d698240c47deeeaff","contentHash":"515cd7a5650dd9c5cafaa34237254100b5a3efd35b87073c06cb43fe57e46678"},"/Users/mac/Documents/Kaya/kayapay/src/middlewares/validators/client.js":{"path":"/Users/mac/Documents/Kaya/kayapay/src/middlewares/validators/client.js","statementMap":{"0":{"start":{"line":1,"column":24},"end":{"line":1,"column":52}},"1":{"start":{"line":2,"column":17},"end":{"line":2,"column":47}},"2":{"start":{"line":4,"column":0},"end":{"line":28,"column":2}},"3":{"start":{"line":10,"column":25},"end":{"line":13,"column":7}},"4":{"start":{"line":14,"column":6},"end":{"line":16,"column":7}},"5":{"start":{"line":15,"column":8},"end":{"line":15,"column":43}},"6":{"start":{"line":20,"column":25},"end":{"line":23,"column":7}},"7":{"start":{"line":24,"column":6},"end":{"line":26,"column":7}},"8":{"start":{"line":25,"column":8},"end":{"line":25,"column":43}},"9":{"start":{"line":30,"column":0},"end":{"line":55,"column":1}},"10":{"start":{"line":36,"column":25},"end":{"line":39,"column":7}},"11":{"start":{"line":40,"column":6},"end":{"line":42,"column":7}},"12":{"start":{"line":41,"column":8},"end":{"line":41,"column":43}},"13":{"start":{"line":47,"column":25},"end":{"line":50,"column":7}},"14":{"start":{"line":51,"column":6},"end":{"line":53,"column":7}},"15":{"start":{"line":52,"column":8},"end":{"line":52,"column":43}},"16":{"start":{"line":57,"column":0},"end":{"line":68,"column":1}},"17":{"start":{"line":60,"column":29},"end":{"line":63,"column":7}},"18":{"start":{"line":64,"column":6},"end":{"line":66,"column":7}},"19":{"start":{"line":65,"column":8},"end":{"line":65,"column":36}},"20":{"start":{"line":70,"column":0},"end":{"line":94,"column":1}},"21":{"start":{"line":73,"column":30},"end":{"line":73,"column":115}},"22":{"start":{"line":74,"column":6},"end":{"line":76,"column":7}},"23":{"start":{"line":75,"column":8},"end":{"line":75,"column":36}},"24":{"start":{"line":87,"column":23},"end":{"line":89,"column":8}},"25":{"start":{"line":90,"column":6},"end":{"line":92,"column":7}},"26":{"start":{"line":91,"column":8},"end":{"line":91,"column":35}},"27":{"start":{"line":96,"column":0},"end":{"line":104,"column":1}},"28":{"start":{"line":99,"column":30},"end":{"line":99,"column":115}},"29":{"start":{"line":100,"column":6},"end":{"line":102,"column":7}},"30":{"start":{"line":101,"column":8},"end":{"line":101,"column":36}},"31":{"start":{"line":105,"column":0},"end":{"line":117,"column":1}},"32":{"start":{"line":108,"column":30},"end":{"line":108,"column":115}},"33":{"start":{"line":109,"column":6},"end":{"line":111,"column":7}},"34":{"start":{"line":110,"column":8},"end":{"line":110,"column":36}}},"fnMap":{"0":{"name":"(anonymous_0)","decl":{"start":{"line":9,"column":12},"end":{"line":9,"column":13}},"loc":{"start":{"line":9,"column":37},"end":{"line":17,"column":5}},"line":9},"1":{"name":"(anonymous_1)","decl":{"start":{"line":19,"column":12},"end":{"line":19,"column":13}},"loc":{"start":{"line":19,"column":37},"end":{"line":27,"column":5}},"line":19},"2":{"name":"(anonymous_2)","decl":{"start":{"line":35,"column":12},"end":{"line":35,"column":13}},"loc":{"start":{"line":35,"column":38},"end":{"line":43,"column":5}},"line":35},"3":{"name":"(anonymous_3)","decl":{"start":{"line":45,"column":12},"end":{"line":45,"column":13}},"loc":{"start":{"line":45,"column":38},"end":{"line":54,"column":5}},"line":45},"4":{"name":"(anonymous_4)","decl":{"start":{"line":59,"column":12},"end":{"line":59,"column":13}},"loc":{"start":{"line":59,"column":34},"end":{"line":67,"column":5}},"line":59},"5":{"name":"(anonymous_5)","decl":{"start":{"line":72,"column":12},"end":{"line":72,"column":13}},"loc":{"start":{"line":72,"column":34},"end":{"line":77,"column":5}},"line":72},"6":{"name":"(anonymous_6)","decl":{"start":{"line":86,"column":12},"end":{"line":86,"column":13}},"loc":{"start":{"line":86,"column":36},"end":{"line":93,"column":5}},"line":86},"7":{"name":"(anonymous_7)","decl":{"start":{"line":98,"column":12},"end":{"line":98,"column":13}},"loc":{"start":{"line":98,"column":34},"end":{"line":103,"column":5}},"line":98},"8":{"name":"(anonymous_8)","decl":{"start":{"line":107,"column":12},"end":{"line":107,"column":13}},"loc":{"start":{"line":107,"column":34},"end":{"line":112,"column":5}},"line":107}},"branchMap":{"0":{"loc":{"start":{"line":14,"column":6},"end":{"line":16,"column":7}},"type":"if","locations":[{"start":{"line":14,"column":6},"end":{"line":16,"column":7}},{"start":{"line":14,"column":6},"end":{"line":16,"column":7}}],"line":14},"1":{"loc":{"start":{"line":24,"column":6},"end":{"line":26,"column":7}},"type":"if","locations":[{"start":{"line":24,"column":6},"end":{"line":26,"column":7}},{"start":{"line":24,"column":6},"end":{"line":26,"column":7}}],"line":24},"2":{"loc":{"start":{"line":40,"column":6},"end":{"line":42,"column":7}},"type":"if","locations":[{"start":{"line":40,"column":6},"end":{"line":42,"column":7}},{"start":{"line":40,"column":6},"end":{"line":42,"column":7}}],"line":40},"3":{"loc":{"start":{"line":51,"column":6},"end":{"line":53,"column":7}},"type":"if","locations":[{"start":{"line":51,"column":6},"end":{"line":53,"column":7}},{"start":{"line":51,"column":6},"end":{"line":53,"column":7}}],"line":51},"4":{"loc":{"start":{"line":64,"column":6},"end":{"line":66,"column":7}},"type":"if","locations":[{"start":{"line":64,"column":6},"end":{"line":66,"column":7}},{"start":{"line":64,"column":6},"end":{"line":66,"column":7}}],"line":64},"5":{"loc":{"start":{"line":74,"column":6},"end":{"line":76,"column":7}},"type":"if","locations":[{"start":{"line":74,"column":6},"end":{"line":76,"column":7}},{"start":{"line":74,"column":6},"end":{"line":76,"column":7}}],"line":74},"6":{"loc":{"start":{"line":90,"column":6},"end":{"line":92,"column":7}},"type":"if","locations":[{"start":{"line":90,"column":6},"end":{"line":92,"column":7}},{"start":{"line":90,"column":6},"end":{"line":92,"column":7}}],"line":90},"7":{"loc":{"start":{"line":100,"column":6},"end":{"line":102,"column":7}},"type":"if","locations":[{"start":{"line":100,"column":6},"end":{"line":102,"column":7}},{"start":{"line":100,"column":6},"end":{"line":102,"column":7}}],"line":100},"8":{"loc":{"start":{"line":109,"column":6},"end":{"line":111,"column":7}},"type":"if","locations":[{"start":{"line":109,"column":6},"end":{"line":111,"column":7}},{"start":{"line":109,"column":6},"end":{"line":111,"column":7}}],"line":109}},"s":{"0":1,"1":1,"2":1,"3":0,"4":0,"5":0,"6":0,"7":0,"8":0,"9":1,"10":0,"11":0,"12":0,"13":0,"14":0,"15":0,"16":1,"17":0,"18":0,"19":0,"20":1,"21":0,"22":0,"23":0,"24":0,"25":0,"26":0,"27":1,"28":0,"29":0,"30":0,"31":1,"32":0,"33":0,"34":0},"f":{"0":0,"1":0,"2":0,"3":0,"4":0,"5":0,"6":0,"7":0,"8":0},"b":{"0":[0,0],"1":[0,0],"2":[0,0],"3":[0,0],"4":[0,0],"5":[0,0],"6":[0,0],"7":[0,0],"8":[0,0]},"_coverageSchema":"1a1c01bbd47fc00a2c39e90264f33305004495a9","hash":"d6e47ecdb293197c66bafb1177caf491237f63ca","contentHash":"2b05f8eb631c2593442a8daf605532f24377bc41af44eee1469f7856d9541e31"},"/Users/mac/Documents/Kaya/kayapay/src/router/endpoints/products.js":{"path":"/Users/mac/Documents/Kaya/kayapay/src/router/endpoints/products.js","statementMap":{"0":{"start":{"line":1,"column":16},"end":{"line":1,"column":34}},"1":{"start":{"line":2,"column":19},"end":{"line":2,"column":58}},"2":{"start":{"line":3,"column":26},"end":{"line":3,"column":72}},"3":{"start":{"line":4,"column":18},"end":{"line":4,"column":71}},"4":{"start":{"line":6,"column":22},"end":{"line":6,"column":38}},"5":{"start":{"line":9,"column":0},"end":{"line":13,"column":1}},"6":{"start":{"line":15,"column":0},"end":{"line":20,"column":1}},"7":{"start":{"line":22,"column":0},"end":{"line":27,"column":1}},"8":{"start":{"line":29,"column":0},"end":{"line":29,"column":30}}},"fnMap":{},"branchMap":{},"s":{"0":1,"1":1,"2":1,"3":1,"4":1,"5":1,"6":1,"7":1,"8":1},"f":{},"b":{},"_coverageSchema":"1a1c01bbd47fc00a2c39e90264f33305004495a9","hash":"b274d01677049ba006c57e3b5c1ce9654636a845","contentHash":"648cdd4949e7428a822f37d9d6dc2342fd877311b96a0368c36bf3849ba7a228"},"/Users/mac/Documents/Kaya/kayapay/src/controllers/productcontroller.js":{"path":"/Users/mac/Documents/Kaya/kayapay/src/controllers/productcontroller.js","statementMap":{"0":{"start":{"line":1,"column":0},"end":{"line":1,"column":27}},"1":{"start":{"line":2,"column":17},"end":{"line":2,"column":44}},"2":{"start":{"line":3,"column":29},"end":{"line":3,"column":57}},"3":{"start":{"line":4,"column":17},"end":{"line":4,"column":48}},"4":{"start":{"line":8,"column":21},"end":{"line":8,"column":41}},"5":{"start":{"line":9,"column":4},"end":{"line":9,"column":26}},"6":{"start":{"line":10,"column":4},"end":{"line":17,"column":5}},"7":{"start":{"line":12,"column":8},"end":{"line":12,"column":59}},"8":{"start":{"line":13,"column":29},"end":{"line":13,"column":78}},"9":{"start":{"line":14,"column":6},"end":{"line":14,"column":76}},"10":{"start":{"line":16,"column":6},"end":{"line":16,"column":69}},"11":{"start":{"line":21,"column":19},"end":{"line":21,"column":40}},"12":{"start":{"line":22,"column":4},"end":{"line":24,"column":5}},"13":{"start":{"line":23,"column":6},"end":{"line":23,"column":76}},"14":{"start":{"line":25,"column":21},"end":{"line":25,"column":41}},"15":{"start":{"line":26,"column":24},"end":{"line":26,"column":44}},"16":{"start":{"line":27,"column":4},"end":{"line":63,"column":5}},"17":{"start":{"line":28,"column":28},"end":{"line":31,"column":7}},"18":{"start":{"line":33,"column":6},"end":{"line":48,"column":7}},"19":{"start":{"line":34,"column":8},"end":{"line":38,"column":10}},"20":{"start":{"line":40,"column":33},"end":{"line":40,"column":63}},"21":{"start":{"line":41,"column":26},"end":{"line":43,"column":9}},"22":{"start":{"line":42,"column":20},"end":{"line":42,"column":52}},"23":{"start":{"line":44,"column":8},"end":{"line":47,"column":66}},"24":{"start":{"line":50,"column":39},"end":{"line":50,"column":106}},"25":{"start":{"line":51,"column":29},"end":{"line":54,"column":8}},"26":{"start":{"line":55,"column":6},"end":{"line":60,"column":8}},"27":{"start":{"line":62,"column":6},"end":{"line":62,"column":69}},"28":{"start":{"line":67,"column":4},"end":{"line":95,"column":5}},"29":{"start":{"line":68,"column":23},"end":{"line":68,"column":43}},"30":{"start":{"line":69,"column":6},"end":{"line":69,"column":28}},"31":{"start":{"line":70,"column":21},"end":{"line":70,"column":42}},"32":{"start":{"line":71,"column":6},"end":{"line":73,"column":7}},"33":{"start":{"line":72,"column":8},"end":{"line":72,"column":77}},"34":{"start":{"line":74,"column":22},"end":{"line":74,"column":42}},"35":{"start":{"line":75,"column":28},"end":{"line":78,"column":7}},"36":{"start":{"line":79,"column":20},"end":{"line":79,"column":50}},"37":{"start":{"line":81,"column":23},"end":{"line":81,"column":77}},"38":{"start":{"line":81,"column":48},"end":{"line":81,"column":76}},"39":{"start":{"line":83,"column":34},"end":{"line":86,"column":7}},"40":{"start":{"line":87,"column":6},"end":{"line":92,"column":8}},"41":{"start":{"line":94,"column":6},"end":{"line":94,"column":69}},"42":{"start":{"line":99,"column":0},"end":{"line":99,"column":35}}},"fnMap":{"0":{"name":"(anonymous_0)","decl":{"start":{"line":7,"column":2},"end":{"line":7,"column":3}},"loc":{"start":{"line":7,"column":46},"end":{"line":18,"column":3}},"line":7},"1":{"name":"(anonymous_1)","decl":{"start":{"line":20,"column":2},"end":{"line":20,"column":3}},"loc":{"start":{"line":20,"column":42},"end":{"line":64,"column":3}},"line":20},"2":{"name":"(anonymous_2)","decl":{"start":{"line":42,"column":10},"end":{"line":42,"column":11}},"loc":{"start":{"line":42,"column":20},"end":{"line":42,"column":52}},"line":42},"3":{"name":"(anonymous_3)","decl":{"start":{"line":66,"column":2},"end":{"line":66,"column":3}},"loc":{"start":{"line":66,"column":51},"end":{"line":96,"column":3}},"line":66},"4":{"name":"(anonymous_4)","decl":{"start":{"line":81,"column":38},"end":{"line":81,"column":39}},"loc":{"start":{"line":81,"column":48},"end":{"line":81,"column":76}},"line":81}},"branchMap":{"0":{"loc":{"start":{"line":22,"column":4},"end":{"line":24,"column":5}},"type":"if","locations":[{"start":{"line":22,"column":4},"end":{"line":24,"column":5}},{"start":{"line":22,"column":4},"end":{"line":24,"column":5}}],"line":22},"1":{"loc":{"start":{"line":33,"column":6},"end":{"line":48,"column":7}},"type":"if","locations":[{"start":{"line":33,"column":6},"end":{"line":48,"column":7}},{"start":{"line":33,"column":6},"end":{"line":48,"column":7}}],"line":33},"2":{"loc":{"start":{"line":45,"column":10},"end":{"line":47,"column":65}},"type":"cond-expr","locations":[{"start":{"line":46,"column":14},"end":{"line":46,"column":35}},{"start":{"line":47,"column":14},"end":{"line":47,"column":65}}],"line":45},"3":{"loc":{"start":{"line":71,"column":6},"end":{"line":73,"column":7}},"type":"if","locations":[{"start":{"line":71,"column":6},"end":{"line":73,"column":7}},{"start":{"line":71,"column":6},"end":{"line":73,"column":7}}],"line":71}},"s":{"0":1,"1":1,"2":1,"3":1,"4":0,"5":0,"6":0,"7":0,"8":0,"9":0,"10":0,"11":0,"12":0,"13":0,"14":0,"15":0,"16":0,"17":0,"18":0,"19":0,"20":0,"21":0,"22":0,"23":0,"24":0,"25":0,"26":0,"27":0,"28":0,"29":0,"30":0,"31":0,"32":0,"33":0,"34":0,"35":0,"36":0,"37":0,"38":0,"39":0,"40":0,"41":0,"42":1},"f":{"0":0,"1":0,"2":0,"3":0,"4":0},"b":{"0":[0,0],"1":[0,0],"2":[0,0],"3":[0,0]},"_coverageSchema":"1a1c01bbd47fc00a2c39e90264f33305004495a9","hash":"8710a244c1fa3dcf7b9539b5d0adb08981ae2917","contentHash":"1652743f0d106a2ab263848a23642c090733f40a3621c0f1d5175cf4ef5c3f78"},"/Users/mac/Documents/Kaya/kayapay/src/middlewares/validators/clientproduct.js":{"path":"/Users/mac/Documents/Kaya/kayapay/src/middlewares/validators/clientproduct.js","statementMap":{"0":{"start":{"line":1,"column":17},"end":{"line":1,"column":47}},"1":{"start":{"line":2,"column":17},"end":{"line":2,"column":45}},"2":{"start":{"line":3,"column":17},"end":{"line":3,"column":51}},"3":{"start":{"line":5,"column":0},"end":{"line":22,"column":1}},"4":{"start":{"line":10,"column":23},"end":{"line":10,"column":43}},"5":{"start":{"line":11,"column":31},"end":{"line":15,"column":7}},"6":{"start":{"line":16,"column":6},"end":{"line":20,"column":7}},"7":{"start":{"line":17,"column":8},"end":{"line":19,"column":9}}},"fnMap":{"0":{"name":"(anonymous_0)","decl":{"start":{"line":9,"column":12},"end":{"line":9,"column":13}},"loc":{"start":{"line":9,"column":34},"end":{"line":21,"column":5}},"line":9}},"branchMap":{"0":{"loc":{"start":{"line":16,"column":6},"end":{"line":20,"column":7}},"type":"if","locations":[{"start":{"line":16,"column":6},"end":{"line":20,"column":7}},{"start":{"line":16,"column":6},"end":{"line":20,"column":7}}],"line":16}},"s":{"0":1,"1":1,"2":1,"3":1,"4":0,"5":0,"6":0,"7":0},"f":{"0":0},"b":{"0":[0,0]},"_coverageSchema":"1a1c01bbd47fc00a2c39e90264f33305004495a9","hash":"8b8c3832cbde35bf779525251acfcbdfb00045cf","contentHash":"5d48b58ea0086605c66ce2ac18dfe547b582554012156eef2bcd4674cdda915f"},"/Users/mac/Documents/Kaya/kayapay/src/router/endpoints/loadingsite.js":{"path":"/Users/mac/Documents/Kaya/kayapay/src/router/endpoints/loadingsite.js","statementMap":{"0":{"start":{"line":1,"column":16},"end":{"line":1,"column":34}},"1":{"start":{"line":2,"column":19},"end":{"line":2,"column":58}},"2":{"start":{"line":3,"column":30},"end":{"line":3,"column":80}},"3":{"start":{"line":4,"column":26},"end":{"line":4,"column":42}},"4":{"start":{"line":5,"column":18},"end":{"line":5,"column":75}},"5":{"start":{"line":8,"column":0},"end":{"line":12,"column":1}},"6":{"start":{"line":14,"column":0},"end":{"line":19,"column":1}},"7":{"start":{"line":21,"column":0},"end":{"line":26,"column":1}},"8":{"start":{"line":28,"column":0},"end":{"line":28,"column":34}}},"fnMap":{},"branchMap":{},"s":{"0":1,"1":1,"2":1,"3":1,"4":1,"5":1,"6":1,"7":1,"8":1},"f":{},"b":{},"_coverageSchema":"1a1c01bbd47fc00a2c39e90264f33305004495a9","hash":"feb4c21dc7e0347b189127adec4c21ffcb763992","contentHash":"13e8ff12356cc1bfeecbb2db0f9477f5c281700d9c6ffea04289c4060b8290f9"},"/Users/mac/Documents/Kaya/kayapay/src/controllers/loadingsitecontroller.js":{"path":"/Users/mac/Documents/Kaya/kayapay/src/controllers/loadingsitecontroller.js","statementMap":{"0":{"start":{"line":1,"column":0},"end":{"line":1,"column":27}},"1":{"start":{"line":2,"column":17},"end":{"line":2,"column":44}},"2":{"start":{"line":3,"column":29},"end":{"line":3,"column":57}},"3":{"start":{"line":4,"column":17},"end":{"line":4,"column":48}},"4":{"start":{"line":8,"column":21},"end":{"line":8,"column":41}},"5":{"start":{"line":9,"column":4},"end":{"line":23,"column":5}},"6":{"start":{"line":11,"column":8},"end":{"line":11,"column":65}},"7":{"start":{"line":12,"column":33},"end":{"line":14,"column":8}},"8":{"start":{"line":15,"column":6},"end":{"line":20,"column":8}},"9":{"start":{"line":22,"column":6},"end":{"line":22,"column":69}},"10":{"start":{"line":27,"column":19},"end":{"line":27,"column":40}},"11":{"start":{"line":28,"column":4},"end":{"line":30,"column":5}},"12":{"start":{"line":29,"column":6},"end":{"line":29,"column":76}},"13":{"start":{"line":31,"column":21},"end":{"line":31,"column":41}},"14":{"start":{"line":32,"column":53},"end":{"line":32,"column":61}},"15":{"start":{"line":33,"column":4},"end":{"line":74,"column":5}},"16":{"start":{"line":34,"column":34},"end":{"line":37,"column":7}},"17":{"start":{"line":39,"column":6},"end":{"line":59,"column":7}},"18":{"start":{"line":40,"column":8},"end":{"line":46,"column":10}},"19":{"start":{"line":48,"column":37},"end":{"line":48,"column":77}},"20":{"start":{"line":49,"column":26},"end":{"line":51,"column":9}},"21":{"start":{"line":50,"column":18},"end":{"line":50,"column":41}},"22":{"start":{"line":52,"column":8},"end":{"line":58,"column":14}},"23":{"start":{"line":61,"column":43},"end":{"line":61,"column":116}},"24":{"start":{"line":62,"column":33},"end":{"line":65,"column":7}},"25":{"start":{"line":66,"column":6},"end":{"line":71,"column":8}},"26":{"start":{"line":73,"column":6},"end":{"line":73,"column":69}},"27":{"start":{"line":78,"column":4},"end":{"line":106,"column":5}},"28":{"start":{"line":79,"column":23},"end":{"line":79,"column":43}},"29":{"start":{"line":80,"column":21},"end":{"line":80,"column":42}},"30":{"start":{"line":81,"column":6},"end":{"line":83,"column":7}},"31":{"start":{"line":82,"column":8},"end":{"line":82,"column":77}},"32":{"start":{"line":84,"column":26},"end":{"line":84,"column":46}},"33":{"start":{"line":85,"column":31},"end":{"line":88,"column":7}},"34":{"start":{"line":89,"column":20},"end":{"line":89,"column":57}},"35":{"start":{"line":90,"column":27},"end":{"line":92,"column":7}},"36":{"start":{"line":91,"column":16},"end":{"line":91,"column":39}},"37":{"start":{"line":94,"column":38},"end":{"line":97,"column":7}},"38":{"start":{"line":98,"column":6},"end":{"line":103,"column":8}},"39":{"start":{"line":105,"column":6},"end":{"line":105,"column":69}},"40":{"start":{"line":110,"column":0},"end":{"line":110,"column":39}}},"fnMap":{"0":{"name":"(anonymous_0)","decl":{"start":{"line":7,"column":2},"end":{"line":7,"column":3}},"loc":{"start":{"line":7,"column":50},"end":{"line":24,"column":3}},"line":7},"1":{"name":"(anonymous_1)","decl":{"start":{"line":26,"column":2},"end":{"line":26,"column":3}},"loc":{"start":{"line":26,"column":47},"end":{"line":75,"column":3}},"line":26},"2":{"name":"(anonymous_2)","decl":{"start":{"line":50,"column":10},"end":{"line":50,"column":11}},"loc":{"start":{"line":50,"column":18},"end":{"line":50,"column":41}},"line":50},"3":{"name":"(anonymous_3)","decl":{"start":{"line":77,"column":2},"end":{"line":77,"column":3}},"loc":{"start":{"line":77,"column":50},"end":{"line":107,"column":3}},"line":77},"4":{"name":"(anonymous_4)","decl":{"start":{"line":91,"column":8},"end":{"line":91,"column":9}},"loc":{"start":{"line":91,"column":16},"end":{"line":91,"column":39}},"line":91}},"branchMap":{"0":{"loc":{"start":{"line":28,"column":4},"end":{"line":30,"column":5}},"type":"if","locations":[{"start":{"line":28,"column":4},"end":{"line":30,"column":5}},{"start":{"line":28,"column":4},"end":{"line":30,"column":5}}],"line":28},"1":{"loc":{"start":{"line":39,"column":6},"end":{"line":59,"column":7}},"type":"if","locations":[{"start":{"line":39,"column":6},"end":{"line":59,"column":7}},{"start":{"line":39,"column":6},"end":{"line":59,"column":7}}],"line":39},"2":{"loc":{"start":{"line":53,"column":10},"end":{"line":58,"column":13}},"type":"cond-expr","locations":[{"start":{"line":54,"column":14},"end":{"line":54,"column":39}},{"start":{"line":55,"column":14},"end":{"line":58,"column":13}}],"line":53},"3":{"loc":{"start":{"line":81,"column":6},"end":{"line":83,"column":7}},"type":"if","locations":[{"start":{"line":81,"column":6},"end":{"line":83,"column":7}},{"start":{"line":81,"column":6},"end":{"line":83,"column":7}}],"line":81}},"s":{"0":1,"1":1,"2":1,"3":1,"4":0,"5":0,"6":0,"7":0,"8":0,"9":0,"10":0,"11":0,"12":0,"13":0,"14":0,"15":0,"16":0,"17":0,"18":0,"19":0,"20":0,"21":0,"22":0,"23":0,"24":0,"25":0,"26":0,"27":0,"28":0,"29":0,"30":0,"31":0,"32":0,"33":0,"34":0,"35":0,"36":0,"37":0,"38":0,"39":0,"40":1},"f":{"0":0,"1":0,"2":0,"3":0,"4":0},"b":{"0":[0,0],"1":[0,0],"2":[0,0],"3":[0,0]},"_coverageSchema":"1a1c01bbd47fc00a2c39e90264f33305004495a9","hash":"d5d1357d38af9ced3316db6e46e2f43c2f35ea33","contentHash":"9f49aaa15301d7842056e47e820d0c5f13618cee71cfd4dc6cab788275ebcc16"},"/Users/mac/Documents/Kaya/kayapay/src/middlewares/validators/clientloadingsite.js":{"path":"/Users/mac/Documents/Kaya/kayapay/src/middlewares/validators/clientloadingsite.js","statementMap":{"0":{"start":{"line":1,"column":17},"end":{"line":1,"column":47}},"1":{"start":{"line":2,"column":17},"end":{"line":2,"column":45}},"2":{"start":{"line":3,"column":17},"end":{"line":3,"column":51}},"3":{"start":{"line":5,"column":0},"end":{"line":23,"column":1}},"4":{"start":{"line":11,"column":23},"end":{"line":11,"column":43}},"5":{"start":{"line":12,"column":31},"end":{"line":16,"column":7}},"6":{"start":{"line":17,"column":6},"end":{"line":21,"column":7}},"7":{"start":{"line":18,"column":8},"end":{"line":20,"column":9}}},"fnMap":{"0":{"name":"(anonymous_0)","decl":{"start":{"line":10,"column":12},"end":{"line":10,"column":13}},"loc":{"start":{"line":10,"column":34},"end":{"line":22,"column":5}},"line":10}},"branchMap":{"0":{"loc":{"start":{"line":17,"column":6},"end":{"line":21,"column":7}},"type":"if","locations":[{"start":{"line":17,"column":6},"end":{"line":21,"column":7}},{"start":{"line":17,"column":6},"end":{"line":21,"column":7}}],"line":17}},"s":{"0":1,"1":1,"2":1,"3":1,"4":0,"5":0,"6":0,"7":0},"f":{"0":0},"b":{"0":[0,0]},"_coverageSchema":"1a1c01bbd47fc00a2c39e90264f33305004495a9","hash":"fa1abf9ed795e2b12af987ef88322b8e0ba569e7","contentHash":"82750d6eb9d2b49bc56f7f93924fc9f34cdb355990aac3ed6d30be755f11340b"},"/Users/mac/Documents/Kaya/kayapay/src/router/endpoints/exactlocations.js":{"path":"/Users/mac/Documents/Kaya/kayapay/src/router/endpoints/exactlocations.js","statementMap":{"0":{"start":{"line":1,"column":16},"end":{"line":1,"column":34}},"1":{"start":{"line":2,"column":28},"end":{"line":2,"column":76}},"2":{"start":{"line":3,"column":19},"end":{"line":3,"column":58}},"3":{"start":{"line":4,"column":17},"end":{"line":4,"column":70}},"4":{"start":{"line":6,"column":28},"end":{"line":6,"column":44}},"5":{"start":{"line":8,"column":0},"end":{"line":12,"column":1}},"6":{"start":{"line":14,"column":0},"end":{"line":18,"column":1}},"7":{"start":{"line":20,"column":0},"end":{"line":25,"column":1}},"8":{"start":{"line":27,"column":0},"end":{"line":32,"column":1}},"9":{"start":{"line":34,"column":0},"end":{"line":39,"column":1}},"10":{"start":{"line":42,"column":0},"end":{"line":42,"column":36}}},"fnMap":{},"branchMap":{},"s":{"0":1,"1":1,"2":1,"3":1,"4":1,"5":1,"6":1,"7":1,"8":1,"9":1,"10":1},"f":{},"b":{},"_coverageSchema":"1a1c01bbd47fc00a2c39e90264f33305004495a9","hash":"aeb98ff31b655b77bf9861c0edfe62c616d70b03","contentHash":"fc8938970355a0e4b8b8c07693780a2ca79252eb684fb514318b5657d2673eaa"},"/Users/mac/Documents/Kaya/kayapay/src/controllers/locationscontroller.js":{"path":"/Users/mac/Documents/Kaya/kayapay/src/controllers/locationscontroller.js","statementMap":{"0":{"start":{"line":1,"column":29},"end":{"line":1,"column":57}},"1":{"start":{"line":2,"column":17},"end":{"line":2,"column":44}},"2":{"start":{"line":3,"column":17},"end":{"line":3,"column":48}},"3":{"start":{"line":4,"column":15},"end":{"line":4,"column":65}},"4":{"start":{"line":8,"column":4},"end":{"line":13,"column":6}},"5":{"start":{"line":17,"column":4},"end":{"line":24,"column":5}},"6":{"start":{"line":18,"column":29},"end":{"line":20,"column":7}},"7":{"start":{"line":21,"column":6},"end":{"line":21,"column":73}},"8":{"start":{"line":23,"column":6},"end":{"line":23,"column":69}},"9":{"start":{"line":28,"column":4},"end":{"line":37,"column":5}},"10":{"start":{"line":29,"column":6},"end":{"line":31,"column":7}},"11":{"start":{"line":34,"column":6},"end":{"line":36,"column":7}},"12":{"start":{"line":41,"column":19},"end":{"line":41,"column":40}},"13":{"start":{"line":42,"column":4},"end":{"line":44,"column":5}},"14":{"start":{"line":43,"column":6},"end":{"line":43,"column":75}},"15":{"start":{"line":45,"column":38},"end":{"line":45,"column":46}},"16":{"start":{"line":46,"column":4},"end":{"line":79,"column":5}},"17":{"start":{"line":47,"column":30},"end":{"line":50,"column":7}},"18":{"start":{"line":52,"column":6},"end":{"line":74,"column":7}},"19":{"start":{"line":53,"column":19},"end":{"line":53,"column":45}},"20":{"start":{"line":54,"column":34},"end":{"line":54,"column":72}},"21":{"start":{"line":55,"column":33},"end":{"line":59,"column":9}},"22":{"start":{"line":57,"column":12},"end":{"line":57,"column":59}},"23":{"start":{"line":61,"column":10},"end":{"line":61,"column":105}},"24":{"start":{"line":62,"column":8},"end":{"line":66,"column":11}},"25":{"start":{"line":69,"column":10},"end":{"line":69,"column":100}},"26":{"start":{"line":70,"column":8},"end":{"line":73,"column":11}},"27":{"start":{"line":76,"column":6},"end":{"line":76,"column":77}},"28":{"start":{"line":78,"column":6},"end":{"line":78,"column":69}},"29":{"start":{"line":83,"column":4},"end":{"line":105,"column":5}},"30":{"start":{"line":84,"column":25},"end":{"line":84,"column":47}},"31":{"start":{"line":85,"column":21},"end":{"line":85,"column":42}},"32":{"start":{"line":86,"column":6},"end":{"line":88,"column":7}},"33":{"start":{"line":87,"column":8},"end":{"line":87,"column":77}},"34":{"start":{"line":89,"column":27},"end":{"line":89,"column":35}},"35":{"start":{"line":90,"column":32},"end":{"line":90,"column":63}},"36":{"start":{"line":91,"column":31},"end":{"line":93,"column":7}},"37":{"start":{"line":92,"column":17},"end":{"line":92,"column":47}},"38":{"start":{"line":95,"column":35},"end":{"line":99,"column":7}},"39":{"start":{"line":100,"column":6},"end":{"line":102,"column":7}},"40":{"start":{"line":104,"column":6},"end":{"line":104,"column":69}},"41":{"start":{"line":109,"column":0},"end":{"line":109,"column":36}}},"fnMap":{"0":{"name":"(anonymous_0)","decl":{"start":{"line":7,"column":2},"end":{"line":7,"column":3}},"loc":{"start":{"line":7,"column":46},"end":{"line":14,"column":3}},"line":7},"1":{"name":"(anonymous_1)","decl":{"start":{"line":16,"column":2},"end":{"line":16,"column":3}},"loc":{"start":{"line":16,"column":44},"end":{"line":25,"column":3}},"line":16},"2":{"name":"(anonymous_2)","decl":{"start":{"line":27,"column":2},"end":{"line":27,"column":3}},"loc":{"start":{"line":27,"column":50},"end":{"line":38,"column":3}},"line":27},"3":{"name":"(anonymous_3)","decl":{"start":{"line":40,"column":2},"end":{"line":40,"column":3}},"loc":{"start":{"line":40,"column":44},"end":{"line":80,"column":3}},"line":40},"4":{"name":"(anonymous_4)","decl":{"start":{"line":56,"column":32},"end":{"line":56,"column":33}},"loc":{"start":{"line":56,"column":46},"end":{"line":58,"column":11}},"line":56},"5":{"name":"(anonymous_5)","decl":{"start":{"line":82,"column":2},"end":{"line":82,"column":3}},"loc":{"start":{"line":82,"column":47},"end":{"line":106,"column":3}},"line":82},"6":{"name":"(anonymous_6)","decl":{"start":{"line":92,"column":8},"end":{"line":92,"column":9}},"loc":{"start":{"line":92,"column":17},"end":{"line":92,"column":47}},"line":92}},"branchMap":{"0":{"loc":{"start":{"line":42,"column":4},"end":{"line":44,"column":5}},"type":"if","locations":[{"start":{"line":42,"column":4},"end":{"line":44,"column":5}},{"start":{"line":42,"column":4},"end":{"line":44,"column":5}}],"line":42},"1":{"loc":{"start":{"line":52,"column":6},"end":{"line":74,"column":7}},"type":"if","locations":[{"start":{"line":52,"column":6},"end":{"line":74,"column":7}},{"start":{"line":52,"column":6},"end":{"line":74,"column":7}}],"line":52},"2":{"loc":{"start":{"line":86,"column":6},"end":{"line":88,"column":7}},"type":"if","locations":[{"start":{"line":86,"column":6},"end":{"line":88,"column":7}},{"start":{"line":86,"column":6},"end":{"line":88,"column":7}}],"line":86}},"s":{"0":1,"1":1,"2":1,"3":1,"4":0,"5":0,"6":0,"7":0,"8":0,"9":0,"10":0,"11":0,"12":0,"13":0,"14":0,"15":0,"16":0,"17":0,"18":0,"19":0,"20":0,"21":0,"22":0,"23":0,"24":0,"25":0,"26":0,"27":0,"28":0,"29":0,"30":0,"31":0,"32":0,"33":0,"34":0,"35":0,"36":0,"37":0,"38":0,"39":0,"40":0,"41":1},"f":{"0":0,"1":0,"2":0,"3":0,"4":0,"5":0,"6":0},"b":{"0":[0,0],"1":[0,0],"2":[0,0]},"_coverageSchema":"1a1c01bbd47fc00a2c39e90264f33305004495a9","hash":"35ccd933d6dd524f833e5b9a169b351792cc9017","contentHash":"f8b9869b770617727dfb71126df381ad15a5bc703beea8b8733abd397455515a"},"/Users/mac/Documents/Kaya/kayapay/src/middlewares/validators/exactlocation.js":{"path":"/Users/mac/Documents/Kaya/kayapay/src/middlewares/validators/exactlocation.js","statementMap":{"0":{"start":{"line":1,"column":24},"end":{"line":1,"column":52}},"1":{"start":{"line":2,"column":17},"end":{"line":2,"column":47}},"2":{"start":{"line":4,"column":0},"end":{"line":12,"column":2}},"3":{"start":{"line":14,"column":0},"end":{"line":26,"column":2}},"4":{"start":{"line":17,"column":28},"end":{"line":20,"column":5}},"5":{"start":{"line":21,"column":4},"end":{"line":23,"column":5}},"6":{"start":{"line":22,"column":6},"end":{"line":22,"column":42}},"7":{"start":{"line":24,"column":4},"end":{"line":24,"column":47}},"8":{"start":{"line":28,"column":0},"end":{"line":42,"column":2}},"9":{"start":{"line":30,"column":18},"end":{"line":30,"column":36}},"10":{"start":{"line":31,"column":34},"end":{"line":34,"column":5}},"11":{"start":{"line":35,"column":4},"end":{"line":40,"column":5}},"12":{"start":{"line":36,"column":6},"end":{"line":36,"column":37}},"13":{"start":{"line":39,"column":6},"end":{"line":39,"column":65}},"14":{"start":{"line":44,"column":0},"end":{"line":230,"column":2}}},"fnMap":{"0":{"name":"(anonymous_0)","decl":{"start":{"line":16,"column":29},"end":{"line":16,"column":30}},"loc":{"start":{"line":16,"column":51},"end":{"line":25,"column":3}},"line":16},"1":{"name":"(anonymous_1)","decl":{"start":{"line":29,"column":24},"end":{"line":29,"column":25}},"loc":{"start":{"line":29,"column":46},"end":{"line":41,"column":3}},"line":29}},"branchMap":{"0":{"loc":{"start":{"line":21,"column":4},"end":{"line":23,"column":5}},"type":"if","locations":[{"start":{"line":21,"column":4},"end":{"line":23,"column":5}},{"start":{"line":21,"column":4},"end":{"line":23,"column":5}}],"line":21},"1":{"loc":{"start":{"line":35,"column":4},"end":{"line":40,"column":5}},"type":"if","locations":[{"start":{"line":35,"column":4},"end":{"line":40,"column":5}},{"start":{"line":35,"column":4},"end":{"line":40,"column":5}}],"line":35}},"s":{"0":1,"1":1,"2":1,"3":1,"4":0,"5":0,"6":0,"7":0,"8":1,"9":0,"10":0,"11":0,"12":0,"13":0,"14":1},"f":{"0":0,"1":0},"b":{"0":[0,0],"1":[0,0]},"_coverageSchema":"1a1c01bbd47fc00a2c39e90264f33305004495a9","hash":"bf4db447b0bbb71a25159ca6f24bca815e6df6d3","contentHash":"60d8c931829cf54191ee7c43d2549aebc9398ddf528fcc6537860d46812303e8"},"/Users/mac/Documents/Kaya/kayapay/src/router/endpoints/trucktype.js":{"path":"/Users/mac/Documents/Kaya/kayapay/src/router/endpoints/trucktype.js","statementMap":{"0":{"start":{"line":1,"column":16},"end":{"line":1,"column":34}},"1":{"start":{"line":2,"column":28},"end":{"line":2,"column":76}},"2":{"start":{"line":4,"column":19},"end":{"line":4,"column":58}},"3":{"start":{"line":5,"column":17},"end":{"line":5,"column":67}},"4":{"start":{"line":7,"column":24},"end":{"line":7,"column":40}},"5":{"start":{"line":10,"column":0},"end":{"line":14,"column":1}},"6":{"start":{"line":16,"column":0},"end":{"line":21,"column":1}},"7":{"start":{"line":23,"column":0},"end":{"line":28,"column":1}},"8":{"start":{"line":30,"column":0},"end":{"line":35,"column":1}},"9":{"start":{"line":37,"column":0},"end":{"line":42,"column":1}},"10":{"start":{"line":45,"column":0},"end":{"line":45,"column":32}}},"fnMap":{},"branchMap":{},"s":{"0":1,"1":1,"2":1,"3":1,"4":1,"5":1,"6":1,"7":1,"8":1,"9":1,"10":1},"f":{},"b":{},"_coverageSchema":"1a1c01bbd47fc00a2c39e90264f33305004495a9","hash":"b50526dbba9116a31a9268834e66c5016b85e9da","contentHash":"027517d35bdc1fec2df9728a598e46414c9bcb01ed24efda46968bb149e5028f"},"/Users/mac/Documents/Kaya/kayapay/src/controllers/trucktypecontroller.js":{"path":"/Users/mac/Documents/Kaya/kayapay/src/controllers/trucktypecontroller.js","statementMap":{"0":{"start":{"line":1,"column":29},"end":{"line":1,"column":57}},"1":{"start":{"line":2,"column":17},"end":{"line":2,"column":44}},"2":{"start":{"line":3,"column":17},"end":{"line":3,"column":48}},"3":{"start":{"line":7,"column":4},"end":{"line":14,"column":5}},"4":{"start":{"line":8,"column":25},"end":{"line":10,"column":7}},"5":{"start":{"line":11,"column":6},"end":{"line":11,"column":68}},"6":{"start":{"line":13,"column":6},"end":{"line":13,"column":69}},"7":{"start":{"line":18,"column":4},"end":{"line":22,"column":5}},"8":{"start":{"line":19,"column":6},"end":{"line":19,"column":71}},"9":{"start":{"line":21,"column":6},"end":{"line":21,"column":69}},"10":{"start":{"line":26,"column":19},"end":{"line":26,"column":40}},"11":{"start":{"line":27,"column":4},"end":{"line":29,"column":5}},"12":{"start":{"line":28,"column":6},"end":{"line":28,"column":76}},"13":{"start":{"line":30,"column":35},"end":{"line":30,"column":43}},"14":{"start":{"line":31,"column":4},"end":{"line":39,"column":5}},"15":{"start":{"line":32,"column":27},"end":{"line":35,"column":7}},"16":{"start":{"line":36,"column":6},"end":{"line":36,"column":75}},"17":{"start":{"line":38,"column":6},"end":{"line":38,"column":69}},"18":{"start":{"line":43,"column":19},"end":{"line":43,"column":40}},"19":{"start":{"line":44,"column":4},"end":{"line":46,"column":5}},"20":{"start":{"line":45,"column":6},"end":{"line":45,"column":76}},"21":{"start":{"line":47,"column":4},"end":{"line":62,"column":5}},"22":{"start":{"line":48,"column":26},"end":{"line":48,"column":49}},"23":{"start":{"line":49,"column":37},"end":{"line":49,"column":45}},"24":{"start":{"line":50,"column":31},"end":{"line":53,"column":7}},"25":{"start":{"line":54,"column":6},"end":{"line":59,"column":8}},"26":{"start":{"line":61,"column":6},"end":{"line":61,"column":69}},"27":{"start":{"line":68,"column":0},"end":{"line":68,"column":37}}},"fnMap":{"0":{"name":"(anonymous_0)","decl":{"start":{"line":6,"column":2},"end":{"line":6,"column":3}},"loc":{"start":{"line":6,"column":42},"end":{"line":15,"column":3}},"line":6},"1":{"name":"(anonymous_1)","decl":{"start":{"line":17,"column":2},"end":{"line":17,"column":3}},"loc":{"start":{"line":17,"column":41},"end":{"line":23,"column":3}},"line":17},"2":{"name":"(anonymous_2)","decl":{"start":{"line":25,"column":2},"end":{"line":25,"column":3}},"loc":{"start":{"line":25,"column":44},"end":{"line":40,"column":3}},"line":25},"3":{"name":"(anonymous_3)","decl":{"start":{"line":42,"column":2},"end":{"line":42,"column":3}},"loc":{"start":{"line":42,"column":47},"end":{"line":63,"column":3}},"line":42},"4":{"name":"(anonymous_4)","decl":{"start":{"line":65,"column":2},"end":{"line":65,"column":3}},"loc":{"start":{"line":65,"column":47},"end":{"line":65,"column":50}},"line":65}},"branchMap":{"0":{"loc":{"start":{"line":27,"column":4},"end":{"line":29,"column":5}},"type":"if","locations":[{"start":{"line":27,"column":4},"end":{"line":29,"column":5}},{"start":{"line":27,"column":4},"end":{"line":29,"column":5}}],"line":27},"1":{"loc":{"start":{"line":44,"column":4},"end":{"line":46,"column":5}},"type":"if","locations":[{"start":{"line":44,"column":4},"end":{"line":46,"column":5}},{"start":{"line":44,"column":4},"end":{"line":46,"column":5}}],"line":44}},"s":{"0":1,"1":1,"2":1,"3":0,"4":0,"5":0,"6":0,"7":0,"8":0,"9":0,"10":0,"11":0,"12":0,"13":0,"14":0,"15":0,"16":0,"17":0,"18":0,"19":0,"20":0,"21":0,"22":0,"23":0,"24":0,"25":0,"26":0,"27":1},"f":{"0":0,"1":0,"2":0,"3":0,"4":0},"b":{"0":[0,0],"1":[0,0]},"_coverageSchema":"1a1c01bbd47fc00a2c39e90264f33305004495a9","hash":"8c4a51170868f6dadbd926c265c5f551007497c3","contentHash":"a94ec196d76429c8eac0dbbf92126e3ac45234df5388a7428fb5fa09d02c131c"},"/Users/mac/Documents/Kaya/kayapay/src/middlewares/validators/trucktypes.js":{"path":"/Users/mac/Documents/Kaya/kayapay/src/middlewares/validators/trucktypes.js","statementMap":{"0":{"start":{"line":1,"column":24},"end":{"line":1,"column":52}},"1":{"start":{"line":2,"column":17},"end":{"line":2,"column":47}},"2":{"start":{"line":4,"column":0},"end":{"line":16,"column":2}},"3":{"start":{"line":9,"column":28},"end":{"line":12,"column":7}},"4":{"start":{"line":14,"column":6},"end":{"line":14,"column":48}},"5":{"start":{"line":18,"column":0},"end":{"line":34,"column":2}},"6":{"start":{"line":25,"column":28},"end":{"line":28,"column":7}},"7":{"start":{"line":29,"column":6},"end":{"line":31,"column":7}},"8":{"start":{"line":30,"column":8},"end":{"line":30,"column":41}},"9":{"start":{"line":36,"column":0},"end":{"line":53,"column":2}},"10":{"start":{"line":43,"column":28},"end":{"line":46,"column":7}},"11":{"start":{"line":47,"column":6},"end":{"line":47,"column":41}},"12":{"start":{"line":48,"column":6},"end":{"line":50,"column":7}},"13":{"start":{"line":49,"column":8},"end":{"line":49,"column":41}}},"fnMap":{"0":{"name":"(anonymous_0)","decl":{"start":{"line":8,"column":12},"end":{"line":8,"column":13}},"loc":{"start":{"line":8,"column":38},"end":{"line":15,"column":5}},"line":8},"1":{"name":"(anonymous_1)","decl":{"start":{"line":24,"column":12},"end":{"line":24,"column":13}},"loc":{"start":{"line":24,"column":36},"end":{"line":32,"column":5}},"line":24},"2":{"name":"(anonymous_2)","decl":{"start":{"line":42,"column":12},"end":{"line":42,"column":13}},"loc":{"start":{"line":42,"column":38},"end":{"line":51,"column":5}},"line":42}},"branchMap":{"0":{"loc":{"start":{"line":29,"column":6},"end":{"line":31,"column":7}},"type":"if","locations":[{"start":{"line":29,"column":6},"end":{"line":31,"column":7}},{"start":{"line":29,"column":6},"end":{"line":31,"column":7}}],"line":29},"1":{"loc":{"start":{"line":48,"column":6},"end":{"line":50,"column":7}},"type":"if","locations":[{"start":{"line":48,"column":6},"end":{"line":50,"column":7}},{"start":{"line":48,"column":6},"end":{"line":50,"column":7}}],"line":48}},"s":{"0":1,"1":1,"2":1,"3":0,"4":0,"5":1,"6":0,"7":0,"8":0,"9":1,"10":0,"11":0,"12":0,"13":0},"f":{"0":0,"1":0,"2":0},"b":{"0":[0,0],"1":[0,0]},"_coverageSchema":"1a1c01bbd47fc00a2c39e90264f33305004495a9","hash":"b9c022659cb2e82141ba4d4ef96ef099e1864745","contentHash":"91f580a278477ec24abfbeb70109b13d037a5888fb3a2773d27753ba933b499f"},"/Users/mac/Documents/Kaya/kayapay/src/router/endpoints/driver.js":{"path":"/Users/mac/Documents/Kaya/kayapay/src/router/endpoints/driver.js","statementMap":{"0":{"start":{"line":1,"column":16},"end":{"line":1,"column":34}},"1":{"start":{"line":2,"column":37},"end":{"line":2,"column":82}},"2":{"start":{"line":3,"column":19},"end":{"line":3,"column":58}},"3":{"start":{"line":4,"column":17},"end":{"line":4,"column":63}},"4":{"start":{"line":5,"column":21},"end":{"line":5,"column":37}},"5":{"start":{"line":7,"column":0},"end":{"line":11,"column":1}},"6":{"start":{"line":13,"column":0},"end":{"line":18,"column":1}},"7":{"start":{"line":20,"column":0},"end":{"line":25,"column":1}},"8":{"start":{"line":27,"column":0},"end":{"line":32,"column":1}},"9":{"start":{"line":34,"column":0},"end":{"line":39,"column":1}},"10":{"start":{"line":41,"column":0},"end":{"line":46,"column":1}},"11":{"start":{"line":48,"column":0},"end":{"line":53,"column":1}},"12":{"start":{"line":56,"column":0},"end":{"line":56,"column":29}}},"fnMap":{},"branchMap":{},"s":{"0":1,"1":1,"2":1,"3":1,"4":1,"5":1,"6":1,"7":1,"8":1,"9":1,"10":1,"11":1,"12":1},"f":{},"b":{},"_coverageSchema":"1a1c01bbd47fc00a2c39e90264f33305004495a9","hash":"4d23a3d9b2f20779b515ab17b84ffbfa64b57360","contentHash":"9ac0cf5c6111ba8ed643c812d7a9dc51dd2d7d9f54b582ed8273e51cb919174d"},"/Users/mac/Documents/Kaya/kayapay/src/controllers/drivercontroller.js":{"path":"/Users/mac/Documents/Kaya/kayapay/src/controllers/drivercontroller.js","statementMap":{"0":{"start":{"line":3,"column":4},"end":{"line":3,"column":32}},"1":{"start":{"line":6,"column":4},"end":{"line":6,"column":31}},"2":{"start":{"line":7,"column":17},"end":{"line":7,"column":48}},"3":{"start":{"line":8,"column":13},"end":{"line":8,"column":28}},"4":{"start":{"line":9,"column":41},"end":{"line":9,"column":71}},"5":{"start":{"line":11,"column":15},"end":{"line":11,"column":42}},"6":{"start":{"line":15,"column":4},"end":{"line":22,"column":5}},"7":{"start":{"line":16,"column":22},"end":{"line":18,"column":7}},"8":{"start":{"line":19,"column":6},"end":{"line":19,"column":58}},"9":{"start":{"line":21,"column":6},"end":{"line":21,"column":69}},"10":{"start":{"line":26,"column":4},"end":{"line":30,"column":5}},"11":{"start":{"line":27,"column":6},"end":{"line":27,"column":64}},"12":{"start":{"line":29,"column":6},"end":{"line":29,"column":69}},"13":{"start":{"line":34,"column":4},"end":{"line":38,"column":5}},"14":{"start":{"line":35,"column":6},"end":{"line":35,"column":64}},"15":{"start":{"line":37,"column":6},"end":{"line":37,"column":69}},"16":{"start":{"line":42,"column":19},"end":{"line":42,"column":40}},"17":{"start":{"line":43,"column":4},"end":{"line":45,"column":5}},"18":{"start":{"line":44,"column":6},"end":{"line":44,"column":76}},"19":{"start":{"line":53,"column":8},"end":{"line":53,"column":16}},"20":{"start":{"line":54,"column":4},"end":{"line":62,"column":5}},"21":{"start":{"line":55,"column":24},"end":{"line":58,"column":7}},"22":{"start":{"line":59,"column":6},"end":{"line":59,"column":73}},"23":{"start":{"line":61,"column":6},"end":{"line":61,"column":69}},"24":{"start":{"line":66,"column":19},"end":{"line":66,"column":40}},"25":{"start":{"line":67,"column":4},"end":{"line":69,"column":5}},"26":{"start":{"line":68,"column":6},"end":{"line":68,"column":76}},"27":{"start":{"line":70,"column":4},"end":{"line":87,"column":5}},"28":{"start":{"line":71,"column":23},"end":{"line":71,"column":43}},"29":{"start":{"line":79,"column":10},"end":{"line":79,"column":18}},"30":{"start":{"line":80,"column":28},"end":{"line":83,"column":7}},"31":{"start":{"line":84,"column":6},"end":{"line":84,"column":78}},"32":{"start":{"line":86,"column":6},"end":{"line":86,"column":69}},"33":{"start":{"line":91,"column":4},"end":{"line":102,"column":5}},"34":{"start":{"line":92,"column":19},"end":{"line":92,"column":32}},"35":{"start":{"line":93,"column":6},"end":{"line":95,"column":7}},"36":{"start":{"line":94,"column":8},"end":{"line":94,"column":74}},"37":{"start":{"line":96,"column":21},"end":{"line":98,"column":8}},"38":{"start":{"line":99,"column":6},"end":{"line":99,"column":69}},"39":{"start":{"line":101,"column":6},"end":{"line":101,"column":69}},"40":{"start":{"line":108,"column":0},"end":{"line":111,"column":2}}},"fnMap":{"0":{"name":"(anonymous_0)","decl":{"start":{"line":14,"column":2},"end":{"line":14,"column":3}},"loc":{"start":{"line":14,"column":33},"end":{"line":23,"column":3}},"line":14},"1":{"name":"(anonymous_1)","decl":{"start":{"line":25,"column":2},"end":{"line":25,"column":3}},"loc":{"start":{"line":25,"column":32},"end":{"line":31,"column":3}},"line":25},"2":{"name":"(anonymous_2)","decl":{"start":{"line":33,"column":2},"end":{"line":33,"column":3}},"loc":{"start":{"line":33,"column":45},"end":{"line":39,"column":3}},"line":33},"3":{"name":"(anonymous_3)","decl":{"start":{"line":41,"column":2},"end":{"line":41,"column":3}},"loc":{"start":{"line":41,"column":35},"end":{"line":63,"column":3}},"line":41},"4":{"name":"(anonymous_4)","decl":{"start":{"line":65,"column":2},"end":{"line":65,"column":3}},"loc":{"start":{"line":65,"column":38},"end":{"line":88,"column":3}},"line":65},"5":{"name":"(anonymous_5)","decl":{"start":{"line":90,"column":2},"end":{"line":90,"column":3}},"loc":{"start":{"line":90,"column":39},"end":{"line":103,"column":3}},"line":90},"6":{"name":"(anonymous_6)","decl":{"start":{"line":105,"column":2},"end":{"line":105,"column":3}},"loc":{"start":{"line":105,"column":38},"end":{"line":105,"column":41}},"line":105}},"branchMap":{"0":{"loc":{"start":{"line":43,"column":4},"end":{"line":45,"column":5}},"type":"if","locations":[{"start":{"line":43,"column":4},"end":{"line":45,"column":5}},{"start":{"line":43,"column":4},"end":{"line":45,"column":5}}],"line":43},"1":{"loc":{"start":{"line":67,"column":4},"end":{"line":69,"column":5}},"type":"if","locations":[{"start":{"line":67,"column":4},"end":{"line":69,"column":5}},{"start":{"line":67,"column":4},"end":{"line":69,"column":5}}],"line":67},"2":{"loc":{"start":{"line":93,"column":6},"end":{"line":95,"column":7}},"type":"if","locations":[{"start":{"line":93,"column":6},"end":{"line":95,"column":7}},{"start":{"line":93,"column":6},"end":{"line":95,"column":7}}],"line":93}},"s":{"0":1,"1":1,"2":1,"3":1,"4":1,"5":1,"6":0,"7":0,"8":0,"9":0,"10":0,"11":0,"12":0,"13":0,"14":0,"15":0,"16":0,"17":0,"18":0,"19":0,"20":0,"21":0,"22":0,"23":0,"24":0,"25":0,"26":0,"27":0,"28":0,"29":0,"30":0,"31":0,"32":0,"33":0,"34":0,"35":0,"36":0,"37":0,"38":0,"39":0,"40":1},"f":{"0":0,"1":0,"2":0,"3":0,"4":0,"5":0,"6":0},"b":{"0":[0,0],"1":[0,0],"2":[0,0]},"_coverageSchema":"1a1c01bbd47fc00a2c39e90264f33305004495a9","hash":"4cfe9ffca2be41402f3b3518df880c21cae9321b","contentHash":"eca04af4a5703dbdcc766880062c4baeb41f8fc294eeb1b20d9ceecfeb160c02"},"/Users/mac/Documents/Kaya/kayapay/src/handlers/helpers.js":{"path":"/Users/mac/Documents/Kaya/kayapay/src/handlers/helpers.js","statementMap":{"0":{"start":{"line":1,"column":19},"end":{"line":1,"column":43}},"1":{"start":{"line":2,"column":15},"end":{"line":2,"column":32}},"2":{"start":{"line":5,"column":0},"end":{"line":5,"column":26}},"3":{"start":{"line":7,"column":0},"end":{"line":12,"column":3}},"4":{"start":{"line":14,"column":20},"end":{"line":31,"column":2}},"5":{"start":{"line":16,"column":4},"end":{"line":24,"column":5}},"6":{"start":{"line":21,"column":6},"end":{"line":21,"column":21}},"7":{"start":{"line":23,"column":6},"end":{"line":23,"c
[...]
mn":8},"end":{"line":34,"column":16}},"9":{"start":{"line":35,"column":21},"end":{"line":35,"column":39}},"10":{"start":{"line":36,"column":4},"end":{"line":104,"column":5}},"11":{"start":{"line":37,"column":6},"end":{"line":40,"column":9}},"12":{"start":{"line":41,"column":30},"end":{"line":41,"column":148}},"13":{"start":{"line":42,"column":6},"end":{"line":98,"column":7}},"14":{"start":{"line":43,"column":29},"end":{"line":59,"column":9}},"15":{"start":{"line":60,"column":29},"end":{"line":62,"column":10}},"16":{"start":{"line":63,"column":8},"end":{"line":65,"column":9}},"17":{"start":{"line":68,"column":23},"end":{"line":68,"column":49}},"18":{"start":{"line":69,"column":32},"end":{"line":69,"column":62}},"19":{"start":{"line":70,"column":8},"end":{"line":97,"column":9}},"20":{"start":{"line":71,"column":40},"end":{"line":75,"column":11}},"21":{"start":{"line":76,"column":35},"end":{"line":88,"column":11}},"22":{"start":{"line":89,"column":39},"end":{"line":93,"column":12}},"23":{"start":{"line":94,"column":10},"end":{"line":96,"column":11}},"24":{"start":{"line":101,"column":6},"end":{"line":103,"column":7}},"25":{"start":{"line":110,"column":21},"end":{"line":110,"column":31}},"26":{"start":{"line":111,"column":14},"end":{"line":111,"column":39}},"27":{"start":{"line":112,"column":2},"end":{"line":114,"column":3}},"28":{"start":{"line":113,"column":4},"end":{"line":113,"column":34}},"29":{"start":{"line":115,"column":12},"end":{"line":115,"column":32}},"30":{"start":{"line":116,"column":2},"end":{"line":118,"column":3}},"31":{"start":{"line":117,"column":4},"end":{"line":117,"column":30}},"32":{"start":{"line":119,"column":15},"end":{"line":119,"column":39}},"33":{"start":{"line":120,"column":2},"end":{"line":120,"column":34}},"34":{"start":{"line":123,"column":0},"end":{"line":123,"column":33}}},"fnMap":{"0":{"name":"(anonymous_0)","decl":{"start":{"line":7,"column":2},"end":{"line":7,"column":3}},"loc":{"start":{"line":7,"column":42},"end":{"line":18,"column":3}},"line":7},"1":{"name":"(anonymous_1)","decl":{"start":{"line":19,"column":2},"end":{"line":19,"column":3}},"loc":{"start":{"line":19,"column":38},"end":{"line":105,"column":3}},"line":19},"2":{"name":"currentDate","decl":{"start":{"line":109,"column":9},"end":{"line":109,"column":20}},"loc":{"start":{"line":109,"column":23},"end":{"line":121,"column":1}},"line":109}},"branchMap":{"0":{"loc":{"start":{"line":42,"column":6},"end":{"line":98,"column":7}},"type":"if","locations":[{"start":{"line":42,"column":6},"end":{"line":98,"column":7}},{"start":{"line":42,"column":6},"end":{"line":98,"column":7}}],"line":42},"1":{"loc":{"start":{"line":70,"column":8},"end":{"line":97,"column":9}},"type":"if","locations":[{"start":{"line":70,"column":8},"end":{"line":97,"column":9}},{"start":{"line":70,"column":8},"end":{"line":97,"column":9}}],"line":70},"2":{"loc":{"start":{"line":112,"column":2},"end":{"line":114,"column":3}},"type":"if","locations":[{"start":{"line":112,"column":2},"end":{"line":114,"column":3}},{"start":{"line":112,"column":2},"end":{"line":114,"column":3}}],"line":112},"3":{"loc":{"start":{"line":116,"column":2},"end":{"line":118,"column":3}},"type":"if","locations":[{"start":{"line":116,"column":2},"end":{"line":118,"column":3}},{"start":{"line":116,"column":2},"end":{"line":118,"column":3}}],"line":116}},"s":{"0":1,"1":1,"2":1,"3":1,"4":0,"5":0,"6":0,"7":0,"8":0,"9":0,"10":0,"11":0,"12":0,"13":0,"14":0,"15":0,"16":0,"17":0,"18":0,"19":0,"20":0,"21":0,"22":0,"23":0,"24":0,"25":0,"26":0,"27":0,"28":0,"29":0,"30":0,"31":0,"32":0,"33":0,"34":1},"f":{"0":0,"1":0,"2":0},"b":{"0":[0,0],"1":[0,0],"2":[0,0],"3":[0,0]},"_coverageSchema":"1a1c01bbd47fc00a2c39e90264f33305004495a9","hash":"6b4dfe420b1442b935febc68272b101b920a70b3","contentHash":"5eadd7e2d5b091a26262b050e9e21553fe5745ba9d0af6205f1d134721dbadcd"},"/Users/mac/Documents/Kaya/kayapay/src/middlewares/validators/orderevent.js":{"path":"/Users/mac/Documents/Kaya/kayapay/src/middlewares/validators/orderevent.js","statementMap":{"0":{"start":{"line":1,"column":24},"end":{"line":1,"column":52}},"1":{"start":{"line":2,"column":17},"end":{"line":2,"column":47}},"2":{"start":{"line":4,"column":0},"end":{"line":22,"column":2}},"3":{"start":{"line":12,"column":29},"end":{"line":15,"column":7}},"4":{"start":{"line":16,"column":6},"end":{"line":20,"column":7}},"5":{"start":{"line":17,"column":8},"end":{"line":17,"column":57}},"6":{"start":{"line":19,"column":8},"end":{"line":19,"column":51}},"7":{"start":{"line":24,"column":0},"end":{"line":45,"column":2}},"8":{"start":{"line":33,"column":37},"end":{"line":36,"column":7}},"9":{"start":{"line":37,"column":6},"end":{"line":42,"column":7}},"10":{"start":{"line":38,"column":29},"end":{"line":38,"column":62}},"11":{"start":{"line":39,"column":8},"end":{"line":39,"column":62}},"12":{"start":{"line":41,"column":8},"end":{"line":41,"column":28}},"13":{"start":{"line":43,"column":6},"end":{"line":43,"column":42}}},"fnMap":{"0":{"name":"(anonymous_0)","decl":{"start":{"line":11,"column":12},"end":{"line":11,"column":13}},"loc":{"start":{"line":11,"column":38},"end":{"line":21,"column":5}},"line":11},"1":{"name":"(anonymous_1)","decl":{"start":{"line":31,"column":12},"end":{"line":31,"column":13}},"loc":{"start":{"line":31,"column":38},"end":{"line":44,"column":5}},"line":31}},"branchMap":{"0":{"loc":{"start":{"line":16,"column":6},"end":{"line":20,"column":7}},"type":"if","locations":[{"start":{"line":16,"column":6},"end":{"line":20,"column":7}},{"start":{"line":16,"column":6},"end":{"line":20,"column":7}}],"line":16},"1":{"loc":{"start":{"line":37,"column":6},"end":{"line":42,"column":7}},"type":"if","locations":[{"start":{"line":37,"column":6},"end":{"line":42,"column":7}},{"start":{"line":37,"column":6},"end":{"line":42,"column":7}}],"line":37}},"s":{"0":1,"1":1,"2":1,"3":0,"4":0,"5":0,"6":0,"7":1,"8":0,"9":0,"10":0,"11":0,"12":0,"13":0},"f":{"0":0,"1":0},"b":{"0":[0,0],"1":[0,0]},"_coverageSchema":"1a1c01bbd47fc00a2c39e90264f33305004495a9","hash":"a1787d9c1615c54ec9506e41db7082f476ee2b9a","contentHash":"0f51e3dd12e76d190e13537ff5133897b1bfd798a825f7fd5ef379b52f20ee88"},"/Users/mac/Documents/Kaya/kayapay/src/router/endpoints/truck.js":{"path":"/Users/mac/Documents/Kaya/kayapay/src/router/endpoints/truck.js","statementMap":{"0":{"start":{"line":1,"column":16},"end":{"line":1,"column":34}},"1":{"start":{"line":2,"column":20},"end":{"line":2,"column":36}},"2":{"start":{"line":3,"column":19},"end":{"line":3,"column":58}},"3":{"start":{"line":4,"column":28},"end":{"line":4,"column":72}},"4":{"start":{"line":5,"column":18},"end":{"line":5,"column":63}},"5":{"start":{"line":8,"column":0},"end":{"line":13,"column":1}},"6":{"start":{"line":14,"column":0},"end":{"line":19,"column":1}},"7":{"start":{"line":21,"column":0},"end":{"line":26,"column":1}},"8":{"start":{"line":28,"column":0},"end":{"line":33,"column":1}},"9":{"start":{"line":36,"column":0},"end":{"line":36,"column":28}}},"fnMap":{},"branchMap":{},"s":{"0":1,"1":1,"2":1,"3":1,"4":1,"5":1,"6":1,"7":1,"8":1,"9":1},"f":{},"b":{},"_coverageSchema":"1a1c01bbd47fc00a2c39e90264f33305004495a9","hash":"b3f36de0cbad656b2477fb45ba9c64c1aada501f","contentHash":"d7c6c0104389b3ac0ae1e9e5d427478423587fb1d6c4b4108f6e40954a21dfeb"},"/Users/mac/Documents/Kaya/kayapay/src/middlewares/validators/truck.js":{"path":"/Users/mac/Documents/Kaya/kayapay/src/middlewares/validators/truck.js","statementMap":{"0":{"start":{"line":1,"column":24},"end":{"line":1,"column":52}},"1":{"start":{"line":2,"column":17},"end":{"line":2,"column":47}},"2":{"start":{"line":4,"column":0},"end":{"line":17,"column":1}},"3":{"start":{"line":11,"column":23},"end":{"line":11,"column":99}},"4":{"start":{"line":12,"column":6},"end":{"line":14,"column":7}},"5":{"start":{"line":13,"column":8},"end":{"line":13,"column":41}},"6":{"start":{"line":15,"column":6},"end":{"line":15,"column":37}},"7":{"start":{"line":19,"column":0},"end":{"line":42,"column":1}},"8":{"start":{"line":26,"column":6},"end":{"line":26,"column":37}},"9":{"start":{"line":29,"column":25},"end":{"line":29,"column":102}},"10":{"start":{"line":30,"column":6},"end":{"line":32,"column":7}},"11":{"start":{"line":31,"column":8},"end":{"line":31,"column":35}},"12":{"start":{"line":44,"column":0},"end":{"line":67,"column":1}},"13":{"start":{"line":51,"column":6},"end":{"line":51,"column":37}},"14":{"start":{"line":54,"column":25},"end":{"line":54,"column":134}},"15":{"start":{"line":55,"column":6},"end":{"line":57,"column":7}},"16":{"start":{"line":56,"column":8},"end":{"line":56,"column":35}},"17":{"start":{"line":69,"column":0},"end":{"line":79,"column":1}},"18":{"start":{"line":76,"column":27},"end":{"line":76,"column":97}},"19":{"start":{"line":77,"column":6},"end":{"line":77,"column":39}}},"fnMap":{"0":{"name":"(anonymous_0)","decl":{"start":{"line":10,"column":12},"end":{"line":10,"column":13}},"loc":{"start":{"line":10,"column":38},"end":{"line":16,"column":5}},"line":10},"1":{"name":"(anonymous_1)","decl":{"start":{"line":25,"column":21},"end":{"line":25,"column":22}},"loc":{"start":{"line":25,"column":32},"end":{"line":27,"column":5}},"line":25},"2":{"name":"(anonymous_2)","decl":{"start":{"line":28,"column":12},"end":{"line":28,"column":13}},"loc":{"start":{"line":28,"column":34},"end":{"line":33,"column":5}},"line":28},"3":{"name":"(anonymous_3)","decl":{"start":{"line":50,"column":21},"end":{"line":50,"column":22}},"loc":{"start":{"line":50,"column":32},"end":{"line":52,"column":5}},"line":50},"4":{"name":"(anonymous_4)","decl":{"start":{"line":53,"column":12},"end":{"line":53,"column":13}},"loc":{"start":{"line":53,"column":38},"end":{"line":58,"column":5}},"line":53},"5":{"name":"(anonymous_5)","decl":{"start":{"line":75,"column":12},"end":{"line":75,"column":13}},"loc":{"start":{"line":75,"column":38},"end":{"line":78,"column":5}},"line":75}},"branchMap":{"0":{"loc":{"start":{"line":12,"column":6},"end":{"line":14,"column":7}},"type":"if","locations":[{"start":{"line":12,"column":6},"end":{"line":14,"column":7}},{"start":{"line":12,"column":6},"end":{"line":14,"column":7}}],"line":12},"1":{"loc":{"start":{"line":30,"column":6},"end":{"line":32,"column":7}},"type":"if","locations":[{"start":{"line":30,"column":6},"end":{"line":32,"column":7}},{"start":{"line":30,"column":6},"end":{"line":32,"column":7}}],"line":30},"2":{"loc":{"start":{"line":55,"column":6},"end":{"line":57,"column":7}},"type":"if","locations":[{"start":{"line":55,"column":6},"end":{"line":57,"column":7}},{"start":{"line":55,"column":6},"end":{"line":57,"column":7}}],"line":55}},"s":{"0":1,"1":1,"2":1,"3":0,"4":0,"5":0,"6":0,"7":1,"8":0,"9":0,"10":0,"11":0,"12":1,"13":0,"14":0,"15":0,"16":0,"17":1,"18":0,"19":0},"f":{"0":0,"1":0,"2":0,"3":0,"4":0,"5":0},"b":{"0":[0,0],"1":[0,0],"2":[0,0]},"_coverageSchema":"1a1c01bbd47fc00a2c39e90264f33305004495a9","hash":"72f5d2d700652d0aad9c38a14eaff505fe32971d","contentHash":"db38734cc8386b8e47117aa0facabceaef4de07d9433a7e6c36ee8bf887450a3"},"/Users/mac/Documents/Kaya/kayapay/src/router/endpoints/account-management/businessinformation.js":{"path":"/Users/mac/Documents/Kaya/kayapay/src/router/endpoints/account-management/businessinformation.js","statementMap":{"0":{"start":{"line":1,"column":16},"end":{"line":1,"column":34}},"1":{"start":{"line":2,"column":26},"end":{"line":2,"column":42}},"2":{"start":{"line":3,"column":19},"end":{"line":3,"column":61}},"3":{"start":{"line":4,"column":17},"end":{"line":4,"column":98}},"4":{"start":{"line":5,"column":38},"end":{"line":5,"column":118}},"5":{"start":{"line":7,"column":0},"end":{"line":12,"column":1}},"6":{"start":{"line":14,"column":0},"end":{"line":19,"column":1}},"7":{"start":{"line":21,"column":0},"end":{"line":26,"column":1}},"8":{"start":{"line":27,"column":0},"end":{"line":32,"column":1}},"9":{"start":{"line":34,"column":0},"end":{"line":34,"column":34}}},"fnMap":{},"branchMap":{},"s":{"0":1,"1":1,"2":1,"3":1,"4":1,"5":1,"6":1,"7":1,"8":1,"9":1},"f":{},"b":{},"_coverageSchema":"1a1c01bbd47fc00a2c39e90264f33305004495a9","hash":"e4050c32406248e0f3d73edeb52a4f8c2a970021","contentHash":"fd4e6452b79b45e9fbecdf56d79cd50bb1220eaa517d435618bc2b69877cd2b7"},"/Users/mac/Documents/Kaya/kayapay/src/middlewares/validators/account-management/businessinformation.js":{"path":"/Users/mac/Documents/Kaya/kayapay/src/middlewares/validators/account-management/businessinformation.js","statementMap":{"0":{"start":{"line":1,"column":24},"end":{"line":1,"column":52}},"1":{"start":{"line":2,"column":17},"end":{"line":2,"column":50}},"2":{"start":{"line":4,"column":0},"end":{"line":15,"column":2}},"3":{"start":{"line":9,"column":32},"end":{"line":12,"column":7}},"4":{"start":{"line":13,"column":6},"end":{"line":13,"column":56}},"5":{"start":{"line":16,"column":0},"end":{"line":66,"column":2}},"6":{"start":{"line":33,"column":28},"end":{"line":36,"column":7}},"7":{"start":{"line":37,"column":6},"end":{"line":39,"column":7}},"8":{"start":{"line":38,"column":8},"end":{"line":38,"column":41}},"9":{"start":{"line":51,"column":28},"end":{"line":54,"column":7}},"10":{"start":{"line":55,"column":6},"end":{"line":57,"column":7}},"11":{"start":{"line":56,"column":8},"end":{"line":56,"column":41}},"12":{"start":{"line":68,"column":0},"end":{"line":121,"column":2}},"13":{"start":{"line":85,"column":28},"end":{"line":88,"column":7}},"14":{"start":{"line":89,"column":6},"end":{"line":89,"column":41}},"15":{"start":{"line":90,"column":6},"end":{"line":92,"column":7}},"16":{"start":{"line":91,"column":8},"end":{"line":91,"column":41}},"17":{"start":{"line":104,"column":28},"end":{"line":107,"column":7}},"18":{"start":{"line":108,"column":6},"end":{"line":108,"column":41}},"19":{"start":{"line":109,"column":6},"end":{"line":111,"column":7}},"20":{"start":{"line":110,"column":8},"end":{"line":110,"column":41}}},"fnMap":{"0":{"name":"(anonymous_0)","decl":{"start":{"line":8,"column":12},"end":{"line":8,"column":13}},"loc":{"start":{"line":8,"column":38},"end":{"line":14,"column":5}},"line":8},"1":{"name":"(anonymous_1)","decl":{"start":{"line":32,"column":12},"end":{"line":32,"column":13}},"loc":{"start":{"line":32,"column":36},"end":{"line":40,"column":5}},"line":32},"2":{"name":"(anonymous_2)","decl":{"start":{"line":50,"column":12},"end":{"line":50,"column":13}},"loc":{"start":{"line":50,"column":36},"end":{"line":58,"column":5}},"line":50},"3":{"name":"(anonymous_3)","decl":{"start":{"line":84,"column":12},"end":{"line":84,"column":13}},"loc":{"start":{"line":84,"column":38},"end":{"line":93,"column":5}},"line":84},"4":{"name":"(anonymous_4)","decl":{"start":{"line":103,"column":12},"end":{"line":103,"column":13}},"loc":{"start":{"line":103,"column":38},"end":{"line":112,"column":5}},"line":103}},"branchMap":{"0":{"loc":{"start":{"line":37,"column":6},"end":{"line":39,"column":7}},"type":"if","locations":[{"start":{"line":37,"column":6},"end":{"line":39,"column":7}},{"start":{"line":37,"column":6},"end":{"line":39,"column":7}}],"line":37},"1":{"loc":{"start":{"line":55,"column":6},"end":{"line":57,"column":7}},"type":"if","locations":[{"start":{"line":55,"column":6},"end":{"line":57,"column":7}},{"start":{"line":55,"column":6},"end":{"line":57,"column":7}}],"line":55},"2":{"loc":{"start":{"line":90,"column":6},"end":{"line":92,"column":7}},"type":"if","locations":[{"start":{"line":90,"column":6},"end":{"line":92,"column":7}},{"start":{"line":90,"column":6},"end":{"line":92,"column":7}}],"line":90},"3":{"loc":{"start":{"line":109,"column":6},"end":{"line":111,"column":7}},"type":"if","locations":[{"start":{"line":109,"column":6},"end":{"line":111,"column":7}},{"start":{"line":109,"column":6},"end":{"line":111,"column":7}}],"line":109}},"s":{"0":1,"1":1,"2":1,"3":2,"4":2,"5":1,"6":1,"7":1,"8":0,"9":1,"10":1,"11":0,"12":1,"13":1,"14":1,"15":0,"16":0,"17":1,"18":1,"19":0,"20":0},"f":{"0":2,"1":1,"2":1,"3":1,"4":1},"b":{"0":[0,0],"1":[0,0],"2":[0,0],"3":[0,0]},"_coverageSchema":"1a1c01bbd47fc00a2c39e90264f33305004495a9","hash":"14e9749c639c4c601c67d2f91afbdccfc7862ba3","contentHash":"b8738bfeec2f01418357fbdc7d912fe44b3059bf07ae8b6f274fc55c066c69d1"},"/Users/mac/Documents/Kaya/kayapay/src/controllers/account-management/businessinformationController.js":{"path":"/Users/mac/Documents/Kaya/kayapay/src/controllers/account-management/businessinformationController.js","statementMap":{"0":{"start":{"line":1,"column":17},"end":{"line":1,"column":47}},"1":{"start":{"line":2,"column":0},"end":{"line":2,"column":27}},"2":{"start":{"line":3,"column":17},"end":{"line":3,"column":51}},"3":{"start":{"line":7,"column":4},"end":{"line":18,"column":5}},"4":{"start":{"line":8,"column":34},"end":{"line":8,"column":108}},"5":{"start":{"line":10,"column":6},"end":{"line":12,"column":7}},"6":{"start":{"line":15,"column":6},"end":{"line":17,"column":7}},"7":{"start":{"line":22,"column":4},"end":{"line":35,"column":5}},"8":{"start":{"line":23,"column":19},"end":{"line":23,"column":29}},"9":{"start":{"line":24,"column":32},"end":{"line":24,"column":70}},"10":{"start":{"line":25,"column":6},"end":{"line":25,"column":74}},"11":{"start":{"line":26,"column":6},"end":{"line":28,"column":7}},"12":{"start":{"line":31,"column":6},"end":{"line":33,"column":7}},"13":{"start":{"line":34,"column":6},"end":{"line":34,"column":22}},"14":{"start":{"line":39,"column":4},"end":{"line":63,"column":5}},"15":{"start":{"line":48,"column":10},"end":{"line":48,"column":18}},"16":{"start":{"line":49,"column":6},"end":{"line":50,"column":62}},"17":{"start":{"line":52,"column":19},"end":{"line":52,"column":99}},"18":{"start":{"line":53,"column":6},"end":{"line":55,"column":7}},"19":{"start":{"line":58,"column":6},"end":{"line":58,"column":22}},"20":{"start":{"line":60,"column":6},"end":{"line":62,"column":7}},"21":{"start":{"line":67,"column":4},"end":{"line":84,"column":5}},"22":{"start":{"line":68,"column":17},"end":{"line":68,"column":30}},"23":{"start":{"line":72,"column":10},"end":{"line":72,"column":18}},"24":{"start":{"line":73,"column":6},"end":{"line":75,"column":30}},"25":{"start":{"line":76,"column":6},"end":{"line":78,"column":7}},"26":{"start":{"line":81,"column":6},"end":{"line":83,"column":7}},"27":{"start":{"line":89,"column":23},"end":{"line":89,"column":44}},"28":{"start":{"line":90,"column":4},"end":{"line":102,"column":5}},"29":{"start":{"line":92,"column":8},"end":{"line":92,"column":90}},"30":{"start":{"line":93,"column":33},"end":{"line":93,"column":74}},"31":{"start":{"line":94,"column":6},"end":{"line":99,"column":8}},"32":{"start":{"line":101,"column":6},"end":{"line":101,"column":69}},"33":{"start":{"line":105,"column":0},"end":{"line":105,"column":47}}},"fnMap":{"0":{"name":"(anonymous_0)","decl":{"start":{"line":6,"column":2},"end":{"line":6,"column":3}},"loc":{"start":{"line":6,"column":45},"end":{"line":19,"column":3}},"line":6},"1":{"name":"(anonymous_1)","decl":{"start":{"line":21,"column":2},"end":{"line":21,"column":3}},"loc":{"start":{"line":21,"column":48},"end":{"line":36,"column":3}},"line":21},"2":{"name":"(anonymous_2)","decl":{"start":{"line":38,"column":2},"end":{"line":38,"column":3}},"loc":{"start":{"line":38,"column":44},"end":{"line":64,"column":3}},"line":38},"3":{"name":"(anonymous_3)","decl":{"start":{"line":66,"column":2},"end":{"line":66,"column":3}},"loc":{"start":{"line":66,"column":47},"end":{"line":85,"column":3}},"line":66},"4":{"name":"(anonymous_4)","decl":{"start":{"line":88,"column":2},"end":{"line":88,"column":3}},"loc":{"start":{"line":88,"column":47},"end":{"line":103,"column":3}},"line":88}},"branchMap":{},"s":{"0":1,"1":1,"2":1,"3":1,"4":1,"5":1,"6":0,"7":1,"8":1,"9":1,"10":1,"11":1,"12":0,"13":0,"14":1,"15":1,"16":1,"17":1,"18":1,"19":0,"20":0,"21":1,"22":1,"23":1,"24":1,"25":1,"26":0,"27":0,"28":0,"29":0,"30":0,"31":0,"32":0,"33":1},"f":{"0":1,"1":1,"2":1,"3":1,"4":0},"b":{},"_coverageSchema":"1a1c01bbd47fc00a2c39e90264f33305004495a9","hash":"37a39aac8a0e20b31ba8c713c199e381a0778a40","contentHash":"2f2229b4d4c030d507b0e00e17d552ce1b790b3f6d33695f0a576d8d67309906"}}